[35m[1mScanning dependencies of target safety_node[0m
[ 50%] [32mBuilding CXX object CMakeFiles/safety_node.dir/src/safety_node.cpp.o[0m
[01m[K/home/orin/f1tenth_ws/lab2-AutomaticEmergencyBreaking/f1tenth_lab2_template/safety_node/src/safety_node.cpp:[m[K In member function ‘[01m[Kvoid Safety::drive_callback(nav_msgs::msg::Odometry_<std::allocator<void> >::ConstSharedPtr)[m[K’:
[01m[K/home/orin/f1tenth_ws/lab2-AutomaticEmergencyBreaking/f1tenth_lab2_template/safety_node/src/safety_node.cpp:49:71:[m[K [01;35m[Kwarning: [m[Kunused parameter ‘[01m[Kmsg[m[K’ [[01;35m[K-Wunused-parameter[m[K]
   49 |     void drive_callback([01;35m[Kconst nav_msgs::msg::Odometry::ConstSharedPtr msg[m[K)
      |                         [01;35m[K~~~~~~~~~~~~~~~~~~~~~~~~~~~~~~~~~~~~~~~~~~~~~~^~~[m[K
[01m[K/home/orin/f1tenth_ws/lab2-AutomaticEmergencyBreaking/f1tenth_lab2_template/safety_node/src/safety_node.cpp:[m[K In member function ‘[01m[Kvoid Safety::scan_callback(sensor_msgs::msg::LaserScan_<std::allocator<void> >::ConstSharedPtr)[m[K’:
[01m[K/home/orin/f1tenth_ws/lab2-AutomaticEmergencyBreaking/f1tenth_lab2_template/safety_node/src/safety_node.cpp:58:16:[m[K [01;35m[Kwarning: [m[Kunused variable ‘[01m[Kmin_distance[m[K’ [[01;35m[K-Wunused-variable[m[K]
   58 |         double [01;35m[Kmin_distance[m[K = scan_msg->range_max;
      |                [01;35m[K^~~~~~~~~~~~[m[K
[100%] [32m[1mLinking CXX executable safety_node[0m
[100%] Built target safety_node
-- Install configuration: ""
-- Installing: /home/orin/f1tenth_ws/lab2-AutomaticEmergencyBreaking/install/safety_node/lib/safety_node/safety_node
-- Set runtime path of "/home/orin/f1tenth_ws/lab2-AutomaticEmergencyBreaking/install/safety_node/lib/safety_node/safety_node" to ""
-- Up-to-date: /home/orin/f1tenth_ws/lab2-AutomaticEmergencyBreaking/install/safety_node/share/safety_node/environment/pythonpath.sh
-- Up-to-date: /home/orin/f1tenth_ws/lab2-AutomaticEmergencyBreaking/install/safety_node/share/safety_node/environment/pythonpath.dsv
-- Up-to-date: /home/orin/f1tenth_ws/lab2-AutomaticEmergencyBreaking/install/safety_node/lib/python3.8/site-packages/safety_node
-- Up-to-date: /home/orin/f1tenth_ws/lab2-AutomaticEmergencyBreaking/install/safety_node/lib/python3.8/site-packages/safety_node/__init__.py
Listing '/home/orin/f1tenth_ws/lab2-AutomaticEmergencyBreaking/install/safety_node/lib/python3.8/site-packages/safety_node'...
-- Up-to-date: /home/orin/f1tenth_ws/lab2-AutomaticEmergencyBreaking/install/safety_node/lib/safety_node/safety_node.py
-- Up-to-date: /home/orin/f1tenth_ws/lab2-AutomaticEmergencyBreaking/install/safety_node/share/ament_index/resource_index/package_run_dependencies/safety_node
-- Up-to-date: /home/orin/f1tenth_ws/lab2-AutomaticEmergencyBreaking/install/safety_node/share/ament_index/resource_index/parent_prefix_path/safety_node
-- Up-to-date: /home/orin/f1tenth_ws/lab2-AutomaticEmergencyBreaking/install/safety_node/share/safety_node/environment/ament_prefix_path.sh
-- Up-to-date: /home/orin/f1tenth_ws/lab2-AutomaticEmergencyBreaking/install/safety_node/share/safety_node/environment/ament_prefix_path.dsv
-- Up-to-date: /home/orin/f1tenth_ws/lab2-AutomaticEmergencyBreaking/install/safety_node/share/safety_node/environment/path.sh
-- Up-to-date: /home/orin/f1tenth_ws/lab2-AutomaticEmergencyBreaking/install/safety_node/share/safety_node/environment/path.dsv
-- Up-to-date: /home/orin/f1tenth_ws/lab2-AutomaticEmergencyBreaking/install/safety_node/share/safety_node/local_setup.bash
-- Up-to-date: /home/orin/f1tenth_ws/lab2-AutomaticEmergencyBreaking/install/safety_node/share/safety_node/local_setup.sh
-- Up-to-date: /home/orin/f1tenth_ws/lab2-AutomaticEmergencyBreaking/install/safety_node/share/safety_node/local_setup.zsh
-- Up-to-date: /home/orin/f1tenth_ws/lab2-AutomaticEmergencyBreaking/install/safety_node/share/safety_node/local_setup.dsv
-- Installing: /home/orin/f1tenth_ws/lab2-AutomaticEmergencyBreaking/install/safety_node/share/safety_node/package.dsv
-- Up-to-date: /home/orin/f1tenth_ws/lab2-AutomaticEmergencyBreaking/install/safety_node/share/ament_index/resource_index/packages/safety_node
-- Up-to-date: /home/orin/f1tenth_ws/lab2-AutomaticEmergencyBreaking/install/safety_node/share/safety_node/cmake/safety_nodeConfig.cmake
-- Up-to-date: /home/orin/f1tenth_ws/lab2-AutomaticEmergencyBreaking/install/safety_node/share/safety_node/cmake/safety_nodeConfig-version.cmake
-- Up-to-date: /home/orin/f1tenth_ws/lab2-AutomaticEmergencyBreaking/install/safety_node/share/safety_node/package.xml
