[0.431s] DEBUG:colcon:Command line arguments: ['/usr/bin/colcon', 'build']
[0.431s] DEBUG:colcon:Parsed command line arguments: Namespace(allow_overriding=[], ament_cmake_args=None, base_paths=['.'], build_base='build', catkin_cmake_args=None, catkin_skip_building_tests=False, cmake_args=None, cmake_clean_cache=False, cmake_clean_first=False, cmake_force_configure=False, cmake_target=None, cmake_target_skip_unavailable=False, continue_on_error=False, event_handlers=None, executor='parallel', ignore_user_meta=False, install_base='install', log_base=None, log_level=None, main=<bound method BuildVerb.main of <colcon_core.verb.build.BuildVerb object at 0xffffa1977970>>, merge_install=False, metas=['./colcon.meta'], mixin=None, mixin_files=None, mixin_verb=('build',), packages_above=None, packages_above_and_dependencies=None, packages_above_depth=None, packages_end=None, packages_ignore=None, packages_ignore_regex=None, packages_select=None, packages_select_build_failed=False, packages_select_by_dep=None, packages_select_regex=None, packages_select_test_failures=False, packages_skip=None, packages_skip_build_finished=False, packages_skip_by_dep=None, packages_skip_regex=None, packages_skip_test_passed=False, packages_skip_up_to=None, packages_start=None, packages_up_to=None, packages_up_to_regex=None, parallel_workers=6, paths=None, symlink_install=False, test_result_base=None, verb_extension=<colcon_core.verb.build.BuildVerb object at 0xffffa1977970>, verb_name='build', verb_parser=<colcon_mixin.mixin.mixin_argument.MixinArgumentDecorator object at 0xffffa1977f10>)
[0.764s] Level 1:colcon.colcon_core.package_discovery:discover_packages(colcon_meta) check parameters
[0.765s] Level 1:colcon.colcon_core.package_discovery:discover_packages(recursive) check parameters
[0.765s] Level 1:colcon.colcon_core.package_discovery:discover_packages(ignore) check parameters
[0.765s] Level 1:colcon.colcon_core.package_discovery:discover_packages(path) check parameters
[0.765s] Level 1:colcon.colcon_core.package_discovery:discover_packages(colcon_meta) discover
[0.765s] Level 1:colcon.colcon_core.package_discovery:discover_packages(recursive) discover
[0.765s] INFO:colcon.colcon_core.package_discovery:Crawling recursively for packages in '/home/orin/f1tenth_ws/lab2-AutomaticEmergencyBreaking'
[0.766s] Level 1:colcon.colcon_core.package_identification:_identify(.) by extensions ['ignore', 'ignore_ament_install']
[0.766s] Level 1:colcon.colcon_core.package_identification:_identify(.) by extension 'ignore'
[0.766s] Level 1:colcon.colcon_core.package_identification:_identify(.) by extension 'ignore_ament_install'
[0.766s] Level 1:colcon.colcon_core.package_identification:_identify(.) by extensions ['colcon_pkg']
[0.766s] Level 1:colcon.colcon_core.package_identification:_identify(.) by extension 'colcon_pkg'
[0.767s] Level 1:colcon.colcon_core.package_identification:_identify(.) by extensions ['colcon_meta']
[0.767s] Level 1:colcon.colcon_core.package_identification:_identify(.) by extension 'colcon_meta'
[0.767s] Level 1:colcon.colcon_core.package_identification:_identify(.) by extensions ['ros']
[0.767s] Level 1:colcon.colcon_core.package_identification:_identify(.) by extension 'ros'
[0.790s] Level 1:colcon.colcon_core.package_identification:_identify(.) by extensions ['cmake', 'python']
[0.791s] Level 1:colcon.colcon_core.package_identification:_identify(.) by extension 'cmake'
[0.791s] Level 1:colcon.colcon_core.package_identification:_identify(.) by extension 'python'
[0.791s] Level 1:colcon.colcon_core.package_identification:_identify(.) by extensions ['python_setup_py']
[0.791s] Level 1:colcon.colcon_core.package_identification:_identify(.) by extension 'python_setup_py'
[0.791s] Level 1:colcon.colcon_core.package_identification:_identify(build) by extensions ['ignore', 'ignore_ament_install']
[0.792s] Level 1:colcon.colcon_core.package_identification:_identify(build) by extension 'ignore'
[0.792s] Level 1:colcon.colcon_core.package_identification:_identify(build) ignored
[0.792s] Level 1:colcon.colcon_core.package_identification:_identify(f1tenth_lab2_template) by extensions ['ignore', 'ignore_ament_install']
[0.793s] Level 1:colcon.colcon_core.package_identification:_identify(f1tenth_lab2_template) by extension 'ignore'
[0.793s] Level 1:colcon.colcon_core.package_identification:_identify(f1tenth_lab2_template) by extension 'ignore_ament_install'
[0.793s] Level 1:colcon.colcon_core.package_identification:_identify(f1tenth_lab2_template) by extensions ['colcon_pkg']
[0.793s] Level 1:colcon.colcon_core.package_identification:_identify(f1tenth_lab2_template) by extension 'colcon_pkg'
[0.793s] Level 1:colcon.colcon_core.package_identification:_identify(f1tenth_lab2_template) by extensions ['colcon_meta']
[0.793s] Level 1:colcon.colcon_core.package_identification:_identify(f1tenth_lab2_template) by extension 'colcon_meta'
[0.793s] Level 1:colcon.colcon_core.package_identification:_identify(f1tenth_lab2_template) by extensions ['ros']
[0.793s] Level 1:colcon.colcon_core.package_identification:_identify(f1tenth_lab2_template) by extension 'ros'
[0.794s] Level 1:colcon.colcon_core.package_identification:_identify(f1tenth_lab2_template) by extensions ['cmake', 'python']
[0.794s] Level 1:colcon.colcon_core.package_identification:_identify(f1tenth_lab2_template) by extension 'cmake'
[0.794s] Level 1:colcon.colcon_core.package_identification:_identify(f1tenth_lab2_template) by extension 'python'
[0.794s] Level 1:colcon.colcon_core.package_identification:_identify(f1tenth_lab2_template) by extensions ['python_setup_py']
[0.794s] Level 1:colcon.colcon_core.package_identification:_identify(f1tenth_lab2_template) by extension 'python_setup_py'
[0.794s] Level 1:colcon.colcon_core.package_identification:_identify(f1tenth_lab2_template/safety_node) by extensions ['ignore', 'ignore_ament_install']
[0.795s] Level 1:colcon.colcon_core.package_identification:_identify(f1tenth_lab2_template/safety_node) by extension 'ignore'
[0.795s] Level 1:colcon.colcon_core.package_identification:_identify(f1tenth_lab2_template/safety_node) by extension 'ignore_ament_install'
[0.795s] Level 1:colcon.colcon_core.package_identification:_identify(f1tenth_lab2_template/safety_node) by extensions ['colcon_pkg']
[0.795s] Level 1:colcon.colcon_core.package_identification:_identify(f1tenth_lab2_template/safety_node) by extension 'colcon_pkg'
[0.795s] Level 1:colcon.colcon_core.package_identification:_identify(f1tenth_lab2_template/safety_node) by extensions ['colcon_meta']
[0.795s] Level 1:colcon.colcon_core.package_identification:_identify(f1tenth_lab2_template/safety_node) by extension 'colcon_meta'
[0.795s] Level 1:colcon.colcon_core.package_identification:_identify(f1tenth_lab2_template/safety_node) by extensions ['ros']
[0.795s] Level 1:colcon.colcon_core.package_identification:_identify(f1tenth_lab2_template/safety_node) by extension 'ros'
[0.803s] DEBUG:colcon.colcon_core.package_identification:Package 'f1tenth_lab2_template/safety_node' with type 'ros.ament_cmake' and name 'safety_node'
[0.803s] Level 1:colcon.colcon_core.package_identification:_identify(install) by extensions ['ignore', 'ignore_ament_install']
[0.803s] Level 1:colcon.colcon_core.package_identification:_identify(install) by extension 'ignore'
[0.803s] Level 1:colcon.colcon_core.package_identification:_identify(install) ignored
[0.804s] Level 1:colcon.colcon_core.package_identification:_identify(log) by extensions ['ignore', 'ignore_ament_install']
[0.804s] Level 1:colcon.colcon_core.package_identification:_identify(log) by extension 'ignore'
[0.804s] Level 1:colcon.colcon_core.package_identification:_identify(log) ignored
[0.804s] Level 1:colcon.colcon_core.package_discovery:discover_packages(recursive) using defaults
[0.804s] Level 1:colcon.colcon_core.package_discovery:discover_packages(ignore) discover
[0.804s] Level 1:colcon.colcon_core.package_discovery:discover_packages(ignore) using defaults
[0.804s] Level 1:colcon.colcon_core.package_discovery:discover_packages(path) discover
[0.804s] Level 1:colcon.colcon_core.package_discovery:discover_packages(path) using defaults
[0.838s] Level 1:colcon.colcon_core.package_discovery:discover_packages(prefix_path) check parameters
[0.838s] Level 1:colcon.colcon_core.package_discovery:discover_packages(prefix_path) discover
[0.843s] DEBUG:colcon.colcon_installed_package_information.package_discovery:Found 1 installed packages in /home/orin/f1tenth_ws/lab2-AutomaticEmergencyBreaking/install
[0.844s] DEBUG:colcon.colcon_installed_package_information.package_discovery:Found 12 installed packages in /home/orin/f1tenth_ws/install
[0.845s] DEBUG:colcon.colcon_installed_package_information.package_discovery:Found 1 installed packages in /home/orin/f1tenth_ws/lab2-AutomaticEmergencyBreaking/f1tenth_lab2_template/safety_node/install
[0.848s] DEBUG:colcon.colcon_installed_package_information.package_discovery:Found 272 installed packages in /opt/ros/foxy
[0.880s] Level 1:colcon.colcon_core.package_discovery:discover_packages(prefix_path) using defaults
[1.007s] Level 5:colcon.colcon_core.verb:set package 'safety_node' build argument 'cmake_args' from command line to 'None'
[1.007s] Level 5:colcon.colcon_core.verb:set package 'safety_node' build argument 'cmake_target' from command line to 'None'
[1.007s] Level 5:colcon.colcon_core.verb:set package 'safety_node' build argument 'cmake_target_skip_unavailable' from command line to 'False'
[1.007s] Level 5:colcon.colcon_core.verb:set package 'safety_node' build argument 'cmake_clean_cache' from command line to 'False'
[1.007s] Level 5:colcon.colcon_core.verb:set package 'safety_node' build argument 'cmake_clean_first' from command line to 'False'
[1.007s] Level 5:colcon.colcon_core.verb:set package 'safety_node' build argument 'cmake_force_configure' from command line to 'False'
[1.007s] Level 5:colcon.colcon_core.verb:set package 'safety_node' build argument 'ament_cmake_args' from command line to 'None'
[1.007s] Level 5:colcon.colcon_core.verb:set package 'safety_node' build argument 'catkin_cmake_args' from command line to 'None'
[1.007s] Level 5:colcon.colcon_core.verb:set package 'safety_node' build argument 'catkin_skip_building_tests' from command line to 'False'
[1.008s] DEBUG:colcon.colcon_core.verb:Building package 'safety_node' with the following arguments: {'ament_cmake_args': None, 'build_base': '/home/orin/f1tenth_ws/lab2-AutomaticEmergencyBreaking/build/safety_node', 'catkin_cmake_args': None, 'catkin_skip_building_tests': False, 'cmake_args': None, 'cmake_clean_cache': False, 'cmake_clean_first': False, 'cmake_force_configure': False, 'cmake_target': None, 'cmake_target_skip_unavailable': False, 'install_base': '/home/orin/f1tenth_ws/lab2-AutomaticEmergencyBreaking/install/safety_node', 'merge_install': False, 'path': '/home/orin/f1tenth_ws/lab2-AutomaticEmergencyBreaking/f1tenth_lab2_template/safety_node', 'symlink_install': False, 'test_result_base': None}
[1.008s] INFO:colcon.colcon_core.executor:Executing jobs using 'parallel' executor
[1.010s] DEBUG:colcon.colcon_parallel_executor.executor.parallel:run_until_complete
[1.011s] INFO:colcon.colcon_ros.task.ament_cmake.build:Building ROS package in '/home/orin/f1tenth_ws/lab2-AutomaticEmergencyBreaking/f1tenth_lab2_template/safety_node' with build type 'ament_cmake'
[1.011s] INFO:colcon.colcon_cmake.task.cmake.build:Building CMake package in '/home/orin/f1tenth_ws/lab2-AutomaticEmergencyBreaking/f1tenth_lab2_template/safety_node'
[1.016s] INFO:colcon.colcon_core.plugin_system:Skipping extension 'colcon_core.shell.bat': Not used on non-Windows systems
[1.016s] INFO:colcon.colcon_core.shell:Skip shell extension 'powershell' for command environment: Not usable outside of PowerShell
[1.016s] DEBUG:colcon.colcon_core.shell:Skip shell extension 'dsv' for command environment
[1.046s] DEBUG:colcon.colcon_core.event_handler.log_command:Invoking command in '/home/orin/f1tenth_ws/lab2-AutomaticEmergencyBreaking/build/safety_node': CMAKE_PREFIX_PATH=${CMAKE_PREFIX_PATH}:/home/orin/f1tenth_ws/install/f1tenth_stack:/home/orin/f1tenth_ws/install/joy_teleop:/home/orin/f1tenth_ws/install/mouse_teleop:/home/orin/f1tenth_ws/install/key_teleop:/opt/ros/foxy NX_CONNECTION=192.168.156.102 37418 192.168.156.253 4000 /usr/bin/cmake --build /home/orin/f1tenth_ws/lab2-AutomaticEmergencyBreaking/build/safety_node -- -j6 -l6
[18.310s] DEBUG:colcon.colcon_core.event_handler.log_command:Invoked command in '/home/orin/f1tenth_ws/lab2-AutomaticEmergencyBreaking/build/safety_node' returned '0': CMAKE_PREFIX_PATH=${CMAKE_PREFIX_PATH}:/home/orin/f1tenth_ws/install/f1tenth_stack:/home/orin/f1tenth_ws/install/joy_teleop:/home/orin/f1tenth_ws/install/mouse_teleop:/home/orin/f1tenth_ws/install/key_teleop:/opt/ros/foxy NX_CONNECTION=192.168.156.102 37418 192.168.156.253 4000 /usr/bin/cmake --build /home/orin/f1tenth_ws/lab2-AutomaticEmergencyBreaking/build/safety_node -- -j6 -l6
[18.342s] DEBUG:colcon.colcon_core.event_handler.log_command:Invoking command in '/home/orin/f1tenth_ws/lab2-AutomaticEmergencyBreaking/build/safety_node': CMAKE_PREFIX_PATH=${CMAKE_PREFIX_PATH}:/home/orin/f1tenth_ws/install/f1tenth_stack:/home/orin/f1tenth_ws/install/joy_teleop:/home/orin/f1tenth_ws/install/mouse_teleop:/home/orin/f1tenth_ws/install/key_teleop:/opt/ros/foxy NX_CONNECTION=192.168.156.102 37418 192.168.156.253 4000 /usr/bin/cmake --install /home/orin/f1tenth_ws/lab2-AutomaticEmergencyBreaking/build/safety_node
[18.452s] Level 1:colcon.colcon_core.environment:create_environment_scripts_only(safety_node)
[18.456s] DEBUG:colcon.colcon_core.event_handler.log_command:Invoked command in '/home/orin/f1tenth_ws/lab2-AutomaticEmergencyBreaking/build/safety_node' returned '0': CMAKE_PREFIX_PATH=${CMAKE_PREFIX_PATH}:/home/orin/f1tenth_ws/install/f1tenth_stack:/home/orin/f1tenth_ws/install/joy_teleop:/home/orin/f1tenth_ws/install/mouse_teleop:/home/orin/f1tenth_ws/install/key_teleop:/opt/ros/foxy NX_CONNECTION=192.168.156.102 37418 192.168.156.253 4000 /usr/bin/cmake --install /home/orin/f1tenth_ws/lab2-AutomaticEmergencyBreaking/build/safety_node
[18.464s] Level 1:colcon.colcon_core.environment:checking '/home/orin/f1tenth_ws/lab2-AutomaticEmergencyBreaking/install/safety_node' for CMake module files
[18.466s] Level 1:colcon.colcon_core.environment:checking '/home/orin/f1tenth_ws/lab2-AutomaticEmergencyBreaking/install/safety_node' for CMake config files
[18.467s] Level 1:colcon.colcon_core.shell:create_environment_hook('safety_node', 'cmake_prefix_path')
[18.468s] INFO:colcon.colcon_core.shell:Creating environment hook '/home/orin/f1tenth_ws/lab2-AutomaticEmergencyBreaking/install/safety_node/share/safety_node/hook/cmake_prefix_path.ps1'
[18.471s] INFO:colcon.colcon_core.shell:Creating environment descriptor '/home/orin/f1tenth_ws/lab2-AutomaticEmergencyBreaking/install/safety_node/share/safety_node/hook/cmake_prefix_path.dsv'
[18.473s] INFO:colcon.colcon_core.shell:Creating environment hook '/home/orin/f1tenth_ws/lab2-AutomaticEmergencyBreaking/install/safety_node/share/safety_node/hook/cmake_prefix_path.sh'
[18.477s] Level 1:colcon.colcon_core.environment:checking '/home/orin/f1tenth_ws/lab2-AutomaticEmergencyBreaking/install/safety_node/lib'
[18.478s] Level 1:colcon.colcon_core.environment:checking '/home/orin/f1tenth_ws/lab2-AutomaticEmergencyBreaking/install/safety_node/bin'
[18.479s] Level 1:colcon.colcon_core.environment:checking '/home/orin/f1tenth_ws/lab2-AutomaticEmergencyBreaking/install/safety_node/lib/pkgconfig/safety_node.pc'
[18.481s] Level 1:colcon.colcon_core.environment:checking '/home/orin/f1tenth_ws/lab2-AutomaticEmergencyBreaking/install/safety_node/lib/python3.8/site-packages'
[18.481s] Level 1:colcon.colcon_core.shell:create_environment_hook('safety_node', 'pythonpath')
[18.482s] INFO:colcon.colcon_core.shell:Creating environment hook '/home/orin/f1tenth_ws/lab2-AutomaticEmergencyBreaking/install/safety_node/share/safety_node/hook/pythonpath.ps1'
[18.484s] INFO:colcon.colcon_core.shell:Creating environment descriptor '/home/orin/f1tenth_ws/lab2-AutomaticEmergencyBreaking/install/safety_node/share/safety_node/hook/pythonpath.dsv'
[18.485s] INFO:colcon.colcon_core.shell:Creating environment hook '/home/orin/f1tenth_ws/lab2-AutomaticEmergencyBreaking/install/safety_node/share/safety_node/hook/pythonpath.sh'
[18.487s] Level 1:colcon.colcon_core.environment:checking '/home/orin/f1tenth_ws/lab2-AutomaticEmergencyBreaking/install/safety_node/bin'
[18.488s] INFO:colcon.colcon_core.shell:Creating package script '/home/orin/f1tenth_ws/lab2-AutomaticEmergencyBreaking/install/safety_node/share/safety_node/package.ps1'
[18.490s] INFO:colcon.colcon_core.shell:Creating package descriptor '/home/orin/f1tenth_ws/lab2-AutomaticEmergencyBreaking/install/safety_node/share/safety_node/package.dsv'
[18.492s] INFO:colcon.colcon_core.shell:Creating package script '/home/orin/f1tenth_ws/lab2-AutomaticEmergencyBreaking/install/safety_node/share/safety_node/package.sh'
[18.494s] INFO:colcon.colcon_core.shell:Creating package script '/home/orin/f1tenth_ws/lab2-AutomaticEmergencyBreaking/install/safety_node/share/safety_node/package.bash'
[18.495s] INFO:colcon.colcon_core.shell:Creating package script '/home/orin/f1tenth_ws/lab2-AutomaticEmergencyBreaking/install/safety_node/share/safety_node/package.zsh'
[18.497s] Level 1:colcon.colcon_core.environment:create_file_with_runtime_dependencies(/home/orin/f1tenth_ws/lab2-AutomaticEmergencyBreaking/install/safety_node/share/colcon-core/packages/safety_node)
[18.499s] Level 1:colcon.colcon_core.environment:create_environment_scripts_only(safety_node)
[18.499s] Level 1:colcon.colcon_core.environment:checking '/home/orin/f1tenth_ws/lab2-AutomaticEmergencyBreaking/install/safety_node' for CMake module files
[18.500s] Level 1:colcon.colcon_core.environment:checking '/home/orin/f1tenth_ws/lab2-AutomaticEmergencyBreaking/install/safety_node' for CMake config files
[18.501s] Level 1:colcon.colcon_core.shell:create_environment_hook('safety_node', 'cmake_prefix_path')
[18.501s] INFO:colcon.colcon_core.shell:Creating environment hook '/home/orin/f1tenth_ws/lab2-AutomaticEmergencyBreaking/install/safety_node/share/safety_node/hook/cmake_prefix_path.ps1'
[18.503s] INFO:colcon.colcon_core.shell:Creating environment descriptor '/home/orin/f1tenth_ws/lab2-AutomaticEmergencyBreaking/install/safety_node/share/safety_node/hook/cmake_prefix_path.dsv'
[18.503s] INFO:colcon.colcon_core.shell:Creating environment hook '/home/orin/f1tenth_ws/lab2-AutomaticEmergencyBreaking/install/safety_node/share/safety_node/hook/cmake_prefix_path.sh'
[18.504s] Level 1:colcon.colcon_core.environment:checking '/home/orin/f1tenth_ws/lab2-AutomaticEmergencyBreaking/install/safety_node/lib'
[18.505s] Level 1:colcon.colcon_core.environment:checking '/home/orin/f1tenth_ws/lab2-AutomaticEmergencyBreaking/install/safety_node/bin'
[18.505s] Level 1:colcon.colcon_core.environment:checking '/home/orin/f1tenth_ws/lab2-AutomaticEmergencyBreaking/install/safety_node/lib/pkgconfig/safety_node.pc'
[18.505s] Level 1:colcon.colcon_core.environment:checking '/home/orin/f1tenth_ws/lab2-AutomaticEmergencyBreaking/install/safety_node/lib/python3.8/site-packages'
[18.505s] Level 1:colcon.colcon_core.shell:create_environment_hook('safety_node', 'pythonpath')
[18.506s] INFO:colcon.colcon_core.shell:Creating environment hook '/home/orin/f1tenth_ws/lab2-AutomaticEmergencyBreaking/install/safety_node/share/safety_node/hook/pythonpath.ps1'
[18.507s] INFO:colcon.colcon_core.shell:Creating environment descriptor '/home/orin/f1tenth_ws/lab2-AutomaticEmergencyBreaking/install/safety_node/share/safety_node/hook/pythonpath.dsv'
[18.507s] INFO:colcon.colcon_core.shell:Creating environment hook '/home/orin/f1tenth_ws/lab2-AutomaticEmergencyBreaking/install/safety_node/share/safety_node/hook/pythonpath.sh'
[18.508s] Level 1:colcon.colcon_core.environment:checking '/home/orin/f1tenth_ws/lab2-AutomaticEmergencyBreaking/install/safety_node/bin'
[18.509s] INFO:colcon.colcon_core.shell:Creating package script '/home/orin/f1tenth_ws/lab2-AutomaticEmergencyBreaking/install/safety_node/share/safety_node/package.ps1'
[18.510s] INFO:colcon.colcon_core.shell:Creating package descriptor '/home/orin/f1tenth_ws/lab2-AutomaticEmergencyBreaking/install/safety_node/share/safety_node/package.dsv'
[18.511s] INFO:colcon.colcon_core.shell:Creating package script '/home/orin/f1tenth_ws/lab2-AutomaticEmergencyBreaking/install/safety_node/share/safety_node/package.sh'
[18.512s] INFO:colcon.colcon_core.shell:Creating package script '/home/orin/f1tenth_ws/lab2-AutomaticEmergencyBreaking/install/safety_node/share/safety_node/package.bash'
[18.513s] INFO:colcon.colcon_core.shell:Creating package script '/home/orin/f1tenth_ws/lab2-AutomaticEmergencyBreaking/install/safety_node/share/safety_node/package.zsh'
[18.514s] Level 1:colcon.colcon_core.environment:create_file_with_runtime_dependencies(/home/orin/f1tenth_ws/lab2-AutomaticEmergencyBreaking/install/safety_node/share/colcon-core/packages/safety_node)
[18.515s] DEBUG:colcon.colcon_parallel_executor.executor.parallel:closing loop
[18.515s] DEBUG:colcon.colcon_parallel_executor.executor.parallel:loop closed
[18.516s] DEBUG:colcon.colcon_parallel_executor.executor.parallel:run_until_complete finished with '0'
[18.516s] DEBUG:colcon.colcon_core.event_reactor:joining thread
[18.529s] INFO:colcon.colcon_core.plugin_system:Skipping extension 'colcon_notification.desktop_notification.terminal_notifier': Not used on non-Darwin systems
[18.530s] INFO:colcon.colcon_core.plugin_system:Skipping extension 'colcon_notification.desktop_notification.win32': Not used on non-Windows systems
[18.530s] INFO:colcon.colcon_notification.desktop_notification:Sending desktop notification using 'notify2'
[18.581s] DEBUG:colcon.colcon_core.event_reactor:joined thread
[18.582s] INFO:colcon.colcon_core.shell:Creating prefix script '/home/orin/f1tenth_ws/lab2-AutomaticEmergencyBreaking/install/local_setup.ps1'
[18.585s] INFO:colcon.colcon_core.shell:Creating prefix util module '/home/orin/f1tenth_ws/lab2-AutomaticEmergencyBreaking/install/_local_setup_util_ps1.py'
[18.588s] INFO:colcon.colcon_core.shell:Creating prefix chain script '/home/orin/f1tenth_ws/lab2-AutomaticEmergencyBreaking/install/setup.ps1'
[18.591s] INFO:colcon.colcon_core.shell:Creating prefix script '/home/orin/f1tenth_ws/lab2-AutomaticEmergencyBreaking/install/local_setup.sh'
[18.593s] INFO:colcon.colcon_core.shell:Creating prefix util module '/home/orin/f1tenth_ws/lab2-AutomaticEmergencyBreaking/install/_local_setup_util_sh.py'
[18.594s] INFO:colcon.colcon_core.shell:Creating prefix chain script '/home/orin/f1tenth_ws/lab2-AutomaticEmergencyBreaking/install/setup.sh'
[18.597s] INFO:colcon.colcon_core.shell:Creating prefix script '/home/orin/f1tenth_ws/lab2-AutomaticEmergencyBreaking/install/local_setup.bash'
[18.600s] INFO:colcon.colcon_core.shell:Creating prefix chain script '/home/orin/f1tenth_ws/lab2-AutomaticEmergencyBreaking/install/setup.bash'
[18.605s] INFO:colcon.colcon_core.shell:Creating prefix script '/home/orin/f1tenth_ws/lab2-AutomaticEmergencyBreaking/install/local_setup.zsh'
[18.606s] INFO:colcon.colcon_core.shell:Creating prefix chain script '/home/orin/f1tenth_ws/lab2-AutomaticEmergencyBreaking/install/setup.zsh'
