[0.405s] DEBUG:colcon:Command line arguments: ['/usr/bin/colcon', 'build']
[0.406s] DEBUG:colcon:Parsed command line arguments: Namespace(allow_overriding=[], ament_cmake_args=None, base_paths=['.'], build_base='build', catkin_cmake_args=None, catkin_skip_building_tests=False, cmake_args=None, cmake_clean_cache=False, cmake_clean_first=False, cmake_force_configure=False, cmake_target=None, cmake_target_skip_unavailable=False, continue_on_error=False, event_handlers=None, executor='parallel', ignore_user_meta=False, install_base='install', log_base=None, log_level=None, main=<bound method BuildVerb.main of <colcon_core.verb.build.BuildVerb object at 0xffff8e4e1d00>>, merge_install=False, metas=['./colcon.meta'], mixin=None, mixin_files=None, mixin_verb=('build',), packages_above=None, packages_above_and_dependencies=None, packages_above_depth=None, packages_end=None, packages_ignore=None, packages_ignore_regex=None, packages_select=None, packages_select_build_failed=False, packages_select_by_dep=None, packages_select_regex=None, packages_select_test_failures=False, packages_skip=None, packages_skip_build_finished=False, packages_skip_by_dep=None, packages_skip_regex=None, packages_skip_test_passed=False, packages_skip_up_to=None, packages_start=None, packages_up_to=None, packages_up_to_regex=None, parallel_workers=6, paths=None, symlink_install=False, test_result_base=None, verb_extension=<colcon_core.verb.build.BuildVerb object at 0xffff8e4e1d00>, verb_name='build', verb_parser=<colcon_mixin.mixin.mixin_argument.MixinArgumentDecorator object at 0xffff8e4f22e0>)
[0.725s] Level 1:colcon.colcon_core.package_discovery:discover_packages(colcon_meta) check parameters
[0.725s] Level 1:colcon.colcon_core.package_discovery:discover_packages(recursive) check parameters
[0.726s] Level 1:colcon.colcon_core.package_discovery:discover_packages(ignore) check parameters
[0.726s] Level 1:colcon.colcon_core.package_discovery:discover_packages(path) check parameters
[0.726s] Level 1:colcon.colcon_core.package_discovery:discover_packages(colcon_meta) discover
[0.726s] Level 1:colcon.colcon_core.package_discovery:discover_packages(recursive) discover
[0.726s] INFO:colcon.colcon_core.package_discovery:Crawling recursively for packages in '/home/orin/f1tenth_ws/lab2-AutomaticEmergencyBreaking'
[0.726s] Level 1:colcon.colcon_core.package_identification:_identify(.) by extensions ['ignore', 'ignore_ament_install']
[0.727s] Level 1:colcon.colcon_core.package_identification:_identify(.) by extension 'ignore'
[0.727s] Level 1:colcon.colcon_core.package_identification:_identify(.) by extension 'ignore_ament_install'
[0.727s] Level 1:colcon.colcon_core.package_identification:_identify(.) by extensions ['colcon_pkg']
[0.727s] Level 1:colcon.colcon_core.package_identification:_identify(.) by extension 'colcon_pkg'
[0.727s] Level 1:colcon.colcon_core.package_identification:_identify(.) by extensions ['colcon_meta']
[0.727s] Level 1:colcon.colcon_core.package_identification:_identify(.) by extension 'colcon_meta'
[0.727s] Level 1:colcon.colcon_core.package_identification:_identify(.) by extensions ['ros']
[0.728s] Level 1:colcon.colcon_core.package_identification:_identify(.) by extension 'ros'
[0.750s] Level 1:colcon.colcon_core.package_identification:_identify(.) by extensions ['cmake', 'python']
[0.750s] Level 1:colcon.colcon_core.package_identification:_identify(.) by extension 'cmake'
[0.750s] Level 1:colcon.colcon_core.package_identification:_identify(.) by extension 'python'
[0.750s] Level 1:colcon.colcon_core.package_identification:_identify(.) by extensions ['python_setup_py']
[0.750s] Level 1:colcon.colcon_core.package_identification:_identify(.) by extension 'python_setup_py'
[0.751s] Level 1:colcon.colcon_core.package_identification:_identify(build) by extensions ['ignore', 'ignore_ament_install']
[0.751s] Level 1:colcon.colcon_core.package_identification:_identify(build) by extension 'ignore'
[0.751s] Level 1:colcon.colcon_core.package_identification:_identify(build) ignored
[0.751s] Level 1:colcon.colcon_core.package_identification:_identify(f1tenth_lab2_template) by extensions ['ignore', 'ignore_ament_install']
[0.752s] Level 1:colcon.colcon_core.package_identification:_identify(f1tenth_lab2_template) by extension 'ignore'
[0.752s] Level 1:colcon.colcon_core.package_identification:_identify(f1tenth_lab2_template) by extension 'ignore_ament_install'
[0.752s] Level 1:colcon.colcon_core.package_identification:_identify(f1tenth_lab2_template) by extensions ['colcon_pkg']
[0.752s] Level 1:colcon.colcon_core.package_identification:_identify(f1tenth_lab2_template) by extension 'colcon_pkg'
[0.752s] Level 1:colcon.colcon_core.package_identification:_identify(f1tenth_lab2_template) by extensions ['colcon_meta']
[0.752s] Level 1:colcon.colcon_core.package_identification:_identify(f1tenth_lab2_template) by extension 'colcon_meta'
[0.752s] Level 1:colcon.colcon_core.package_identification:_identify(f1tenth_lab2_template) by extensions ['ros']
[0.752s] Level 1:colcon.colcon_core.package_identification:_identify(f1tenth_lab2_template) by extension 'ros'
[0.752s] Level 1:colcon.colcon_core.package_identification:_identify(f1tenth_lab2_template) by extensions ['cmake', 'python']
[0.753s] Level 1:colcon.colcon_core.package_identification:_identify(f1tenth_lab2_template) by extension 'cmake'
[0.753s] Level 1:colcon.colcon_core.package_identification:_identify(f1tenth_lab2_template) by extension 'python'
[0.753s] Level 1:colcon.colcon_core.package_identification:_identify(f1tenth_lab2_template) by extensions ['python_setup_py']
[0.753s] Level 1:colcon.colcon_core.package_identification:_identify(f1tenth_lab2_template) by extension 'python_setup_py'
[0.753s] Level 1:colcon.colcon_core.package_identification:_identify(f1tenth_lab2_template/safety_node) by extensions ['ignore', 'ignore_ament_install']
[0.753s] Level 1:colcon.colcon_core.package_identification:_identify(f1tenth_lab2_template/safety_node) by extension 'ignore'
[0.753s] Level 1:colcon.colcon_core.package_identification:_identify(f1tenth_lab2_template/safety_node) by extension 'ignore_ament_install'
[0.753s] Level 1:colcon.colcon_core.package_identification:_identify(f1tenth_lab2_template/safety_node) by extensions ['colcon_pkg']
[0.754s] Level 1:colcon.colcon_core.package_identification:_identify(f1tenth_lab2_template/safety_node) by extension 'colcon_pkg'
[0.754s] Level 1:colcon.colcon_core.package_identification:_identify(f1tenth_lab2_template/safety_node) by extensions ['colcon_meta']
[0.754s] Level 1:colcon.colcon_core.package_identification:_identify(f1tenth_lab2_template/safety_node) by extension 'colcon_meta'
[0.754s] Level 1:colcon.colcon_core.package_identification:_identify(f1tenth_lab2_template/safety_node) by extensions ['ros']
[0.754s] Level 1:colcon.colcon_core.package_identification:_identify(f1tenth_lab2_template/safety_node) by extension 'ros'
[0.761s] DEBUG:colcon.colcon_core.package_identification:Package 'f1tenth_lab2_template/safety_node' with type 'ros.ament_cmake' and name 'safety_node'
[0.761s] Level 1:colcon.colcon_core.package_identification:_identify(install) by extensions ['ignore', 'ignore_ament_install']
[0.761s] Level 1:colcon.colcon_core.package_identification:_identify(install) by extension 'ignore'
[0.761s] Level 1:colcon.colcon_core.package_identification:_identify(install) ignored
[0.761s] Level 1:colcon.colcon_core.package_identification:_identify(log) by extensions ['ignore', 'ignore_ament_install']
[0.762s] Level 1:colcon.colcon_core.package_identification:_identify(log) by extension 'ignore'
[0.762s] Level 1:colcon.colcon_core.package_identification:_identify(log) ignored
[0.762s] Level 1:colcon.colcon_core.package_discovery:discover_packages(recursive) using defaults
[0.762s] Level 1:colcon.colcon_core.package_discovery:discover_packages(ignore) discover
[0.762s] Level 1:colcon.colcon_core.package_discovery:discover_packages(ignore) using defaults
[0.762s] Level 1:colcon.colcon_core.package_discovery:discover_packages(path) discover
[0.762s] Level 1:colcon.colcon_core.package_discovery:discover_packages(path) using defaults
[0.794s] Level 1:colcon.colcon_core.package_discovery:discover_packages(prefix_path) check parameters
[0.794s] Level 1:colcon.colcon_core.package_discovery:discover_packages(prefix_path) discover
[0.799s] DEBUG:colcon.colcon_installed_package_information.package_discovery:Found 272 installed packages in /opt/ros/foxy
[0.804s] Level 1:colcon.colcon_core.package_discovery:discover_packages(prefix_path) using defaults
[0.952s] Level 5:colcon.colcon_core.verb:set package 'safety_node' build argument 'cmake_args' from command line to 'None'
[0.952s] Level 5:colcon.colcon_core.verb:set package 'safety_node' build argument 'cmake_target' from command line to 'None'
[0.952s] Level 5:colcon.colcon_core.verb:set package 'safety_node' build argument 'cmake_target_skip_unavailable' from command line to 'False'
[0.952s] Level 5:colcon.colcon_core.verb:set package 'safety_node' build argument 'cmake_clean_cache' from command line to 'False'
[0.952s] Level 5:colcon.colcon_core.verb:set package 'safety_node' build argument 'cmake_clean_first' from command line to 'False'
[0.952s] Level 5:colcon.colcon_core.verb:set package 'safety_node' build argument 'cmake_force_configure' from command line to 'False'
[0.952s] Level 5:colcon.colcon_core.verb:set package 'safety_node' build argument 'ament_cmake_args' from command line to 'None'
[0.952s] Level 5:colcon.colcon_core.verb:set package 'safety_node' build argument 'catkin_cmake_args' from command line to 'None'
[0.952s] Level 5:colcon.colcon_core.verb:set package 'safety_node' build argument 'catkin_skip_building_tests' from command line to 'False'
[0.953s] DEBUG:colcon.colcon_core.verb:Building package 'safety_node' with the following arguments: {'ament_cmake_args': None, 'build_base': '/home/orin/f1tenth_ws/lab2-AutomaticEmergencyBreaking/build/safety_node', 'catkin_cmake_args': None, 'catkin_skip_building_tests': False, 'cmake_args': None, 'cmake_clean_cache': False, 'cmake_clean_first': False, 'cmake_force_configure': False, 'cmake_target': None, 'cmake_target_skip_unavailable': False, 'install_base': '/home/orin/f1tenth_ws/lab2-AutomaticEmergencyBreaking/install/safety_node', 'merge_install': False, 'path': '/home/orin/f1tenth_ws/lab2-AutomaticEmergencyBreaking/f1tenth_lab2_template/safety_node', 'symlink_install': False, 'test_result_base': None}
[0.953s] INFO:colcon.colcon_core.executor:Executing jobs using 'parallel' executor
[0.955s] DEBUG:colcon.colcon_parallel_executor.executor.parallel:run_until_complete
[0.956s] INFO:colcon.colcon_ros.task.ament_cmake.build:Building ROS package in '/home/orin/f1tenth_ws/lab2-AutomaticEmergencyBreaking/f1tenth_lab2_template/safety_node' with build type 'ament_cmake'
[0.956s] INFO:colcon.colcon_cmake.task.cmake.build:Building CMake package in '/home/orin/f1tenth_ws/lab2-AutomaticEmergencyBreaking/f1tenth_lab2_template/safety_node'
[0.960s] INFO:colcon.colcon_core.plugin_system:Skipping extension 'colcon_core.shell.bat': Not used on non-Windows systems
[0.961s] INFO:colcon.colcon_core.shell:Skip shell extension 'powershell' for command environment: Not usable outside of PowerShell
[0.961s] DEBUG:colcon.colcon_core.shell:Skip shell extension 'dsv' for command environment
[0.979s] DEBUG:colcon.colcon_core.event_handler.log_command:Invoking command in '/home/orin/f1tenth_ws/lab2-AutomaticEmergencyBreaking/build/safety_node': CMAKE_PREFIX_PATH=/opt/ros/foxy /usr/bin/cmake /home/orin/f1tenth_ws/lab2-AutomaticEmergencyBreaking/f1tenth_lab2_template/safety_node -DCMAKE_INSTALL_PREFIX=/home/orin/f1tenth_ws/lab2-AutomaticEmergencyBreaking/install/safety_node
[4.214s] DEBUG:colcon.colcon_core.event_handler.log_command:Invoked command in '/home/orin/f1tenth_ws/lab2-AutomaticEmergencyBreaking/build/safety_node' returned '1': CMAKE_PREFIX_PATH=/opt/ros/foxy /usr/bin/cmake /home/orin/f1tenth_ws/lab2-AutomaticEmergencyBreaking/f1tenth_lab2_template/safety_node -DCMAKE_INSTALL_PREFIX=/home/orin/f1tenth_ws/lab2-AutomaticEmergencyBreaking/install/safety_node
[4.246s] Level 1:colcon.colcon_core.environment:create_environment_scripts_only(safety_node)
[4.254s] Level 1:colcon.colcon_core.environment:checking '/home/orin/f1tenth_ws/lab2-AutomaticEmergencyBreaking/install/safety_node' for CMake module files
[4.255s] Level 1:colcon.colcon_core.environment:checking '/home/orin/f1tenth_ws/lab2-AutomaticEmergencyBreaking/install/safety_node' for CMake config files
[4.256s] Level 1:colcon.colcon_core.environment:checking '/home/orin/f1tenth_ws/lab2-AutomaticEmergencyBreaking/install/safety_node/bin'
[4.257s] Level 1:colcon.colcon_core.environment:checking '/home/orin/f1tenth_ws/lab2-AutomaticEmergencyBreaking/install/safety_node/lib/pkgconfig/safety_node.pc'
[4.258s] Level 1:colcon.colcon_core.environment:checking '/home/orin/f1tenth_ws/lab2-AutomaticEmergencyBreaking/install/safety_node/lib/python3.8/site-packages'
[4.258s] Level 1:colcon.colcon_core.environment:checking '/home/orin/f1tenth_ws/lab2-AutomaticEmergencyBreaking/install/safety_node/bin'
[4.259s] INFO:colcon.colcon_core.shell:Creating package script '/home/orin/f1tenth_ws/lab2-AutomaticEmergencyBreaking/install/safety_node/share/safety_node/package.ps1'
[4.262s] INFO:colcon.colcon_core.shell:Creating package descriptor '/home/orin/f1tenth_ws/lab2-AutomaticEmergencyBreaking/install/safety_node/share/safety_node/package.dsv'
[4.264s] INFO:colcon.colcon_core.shell:Creating package script '/home/orin/f1tenth_ws/lab2-AutomaticEmergencyBreaking/install/safety_node/share/safety_node/package.sh'
[4.266s] INFO:colcon.colcon_core.shell:Creating package script '/home/orin/f1tenth_ws/lab2-AutomaticEmergencyBreaking/install/safety_node/share/safety_node/package.bash'
[4.269s] INFO:colcon.colcon_core.shell:Creating package script '/home/orin/f1tenth_ws/lab2-AutomaticEmergencyBreaking/install/safety_node/share/safety_node/package.zsh'
[4.271s] Level 1:colcon.colcon_core.environment:create_file_with_runtime_dependencies(/home/orin/f1tenth_ws/lab2-AutomaticEmergencyBreaking/install/safety_node/share/colcon-core/packages/safety_node)
[4.283s] DEBUG:colcon.colcon_parallel_executor.executor.parallel:closing loop
[4.283s] DEBUG:colcon.colcon_parallel_executor.executor.parallel:loop closed
[4.284s] DEBUG:colcon.colcon_parallel_executor.executor.parallel:run_until_complete finished with '1'
[4.284s] DEBUG:colcon.colcon_core.event_reactor:joining thread
[4.304s] INFO:colcon.colcon_core.plugin_system:Skipping extension 'colcon_notification.desktop_notification.terminal_notifier': Not used on non-Darwin systems
[4.305s] INFO:colcon.colcon_core.plugin_system:Skipping extension 'colcon_notification.desktop_notification.win32': Not used on non-Windows systems
[4.305s] INFO:colcon.colcon_notification.desktop_notification:Sending desktop notification using 'notify2'
[4.329s] DEBUG:colcon.colcon_notification.desktop_notification.notify2:Failed to initialize notify2: org.freedesktop.DBus.Error.Spawn.ChildExited: Process org.freedesktop.Notifications exited with status 1
[4.330s] DEBUG:colcon.colcon_core.event_reactor:joined thread
[4.331s] INFO:colcon.colcon_core.shell:Creating prefix script '/home/orin/f1tenth_ws/lab2-AutomaticEmergencyBreaking/install/local_setup.ps1'
[4.333s] INFO:colcon.colcon_core.shell:Creating prefix util module '/home/orin/f1tenth_ws/lab2-AutomaticEmergencyBreaking/install/_local_setup_util_ps1.py'
[4.338s] INFO:colcon.colcon_core.shell:Creating prefix chain script '/home/orin/f1tenth_ws/lab2-AutomaticEmergencyBreaking/install/setup.ps1'
[4.341s] INFO:colcon.colcon_core.shell:Creating prefix script '/home/orin/f1tenth_ws/lab2-AutomaticEmergencyBreaking/install/local_setup.sh'
[4.343s] INFO:colcon.colcon_core.shell:Creating prefix util module '/home/orin/f1tenth_ws/lab2-AutomaticEmergencyBreaking/install/_local_setup_util_sh.py'
[4.345s] INFO:colcon.colcon_core.shell:Creating prefix chain script '/home/orin/f1tenth_ws/lab2-AutomaticEmergencyBreaking/install/setup.sh'
[4.348s] INFO:colcon.colcon_core.shell:Creating prefix script '/home/orin/f1tenth_ws/lab2-AutomaticEmergencyBreaking/install/local_setup.bash'
[4.349s] INFO:colcon.colcon_core.shell:Creating prefix chain script '/home/orin/f1tenth_ws/lab2-AutomaticEmergencyBreaking/install/setup.bash'
[4.352s] INFO:colcon.colcon_core.shell:Creating prefix script '/home/orin/f1tenth_ws/lab2-AutomaticEmergencyBreaking/install/local_setup.zsh'
[4.353s] INFO:colcon.colcon_core.shell:Creating prefix chain script '/home/orin/f1tenth_ws/lab2-AutomaticEmergencyBreaking/install/setup.zsh'
