[0.026s] Invoking command in '/home/orin/f1tenth_ws/lab2-AutomaticEmergencyBreaking/build/safety_node': CMAKE_PREFIX_PATH=${CMAKE_PREFIX_PATH}:/home/orin/f1tenth_ws/install/f1tenth_stack:/home/orin/f1tenth_ws/install/vesc_msgs:/home/orin/f1tenth_ws/install/joy_teleop:/home/orin/f1tenth_ws/install/teleop_tools_msgs:/home/orin/f1tenth_ws/install/mouse_teleop:/home/orin/f1tenth_ws/install/key_teleop:/opt/ros/foxy /usr/bin/cmake /home/orin/f1tenth_ws/lab2-AutomaticEmergencyBreaking/f1tenth_lab2_template/safety_node -DCMAKE_INSTALL_PREFIX=/home/orin/f1tenth_ws/lab2-AutomaticEmergencyBreaking/install/safety_node
[0.062s] -- Found ament_cmake: 0.9.12 (/opt/ros/foxy/share/ament_cmake/cmake)
[0.108s] -- Using PYTHON_EXECUTABLE: /usr/bin/python3
[0.506s] -- Found rclcpp: 2.4.3 (/opt/ros/foxy/share/rclcpp/cmake)
[0.570s] -- Using all available rosidl_typesupport_c: rosidl_typesupport_fastrtps_c;rosidl_typesupport_introspection_c
[0.576s] -- Found rosidl_adapter: 1.3.1 (/opt/ros/foxy/share/rosidl_adapter/cmake)
[0.815s] -- Using all available rosidl_typesupport_cpp: rosidl_typesupport_fastrtps_cpp;rosidl_typesupport_introspection_cpp
[0.904s] -- Found rmw_implementation_cmake: 1.0.4 (/opt/ros/foxy/share/rmw_implementation_cmake/cmake)
[0.908s] -- Using RMW implementation 'rmw_fastrtps_cpp' as default
[1.162s] -- Found rclpy: 1.0.13 (/opt/ros/foxy/share/rclpy/cmake)
[1.163s] -- Found nav_msgs: 2.0.5 (/opt/ros/foxy/share/nav_msgs/cmake)
[1.365s] -- Found ackermann_msgs: 2.0.2 (/opt/ros/foxy/share/ackermann_msgs/cmake)
[1.424s] -- Found sensor_msgs: 2.0.5 (/opt/ros/foxy/share/sensor_msgs/cmake)
[1.553s] -- Found vesc_msgs: 1.2.0 (/home/orin/f1tenth_ws/install/vesc_msgs/share/vesc_msgs/cmake)
[1.772s] -- Found ament_lint_auto: 0.9.8 (/opt/ros/foxy/share/ament_lint_auto/cmake)
[1.959s] -- Added test 'copyright' to check source files copyright and LICENSE
[1.991s] -- Added test 'cppcheck' to perform static code analysis on C / C++ code
[1.992s] -- Configured cppcheck include dirs: /home/orin/f1tenth_ws/lab2-AutomaticEmergencyBreaking/f1tenth_lab2_template/safety_node/include
[1.992s] -- Configured cppcheck exclude dirs and/or files: 
[2.024s] -- Added test 'cpplint' to check C / C++ code against the Google style
[2.025s] -- Configured cpplint exclude dirs and/or files: 
[2.030s] -- Added test 'flake8' to check Python code syntax and style conventions
[2.039s] -- Added test 'lint_cmake' to check CMake code style
[2.044s] -- Added test 'pep257' to check Python code against some of the style conventions in PEP 257
[2.076s] -- Added test 'uncrustify' to check C / C++ code style
[2.076s] -- Configured uncrustify additional arguments: 
[2.081s] -- Added test 'xmllint' to check XML markup files
[2.090s] -- Configuring done
[2.111s] -- Generating done
[2.121s] -- Build files have been written to: /home/orin/f1tenth_ws/lab2-AutomaticEmergencyBreaking/build/safety_node
[2.142s] Invoked command in '/home/orin/f1tenth_ws/lab2-AutomaticEmergencyBreaking/build/safety_node' returned '0': CMAKE_PREFIX_PATH=${CMAKE_PREFIX_PATH}:/home/orin/f1tenth_ws/install/f1tenth_stack:/home/orin/f1tenth_ws/install/vesc_msgs:/home/orin/f1tenth_ws/install/joy_teleop:/home/orin/f1tenth_ws/install/teleop_tools_msgs:/home/orin/f1tenth_ws/install/mouse_teleop:/home/orin/f1tenth_ws/install/key_teleop:/opt/ros/foxy /usr/bin/cmake /home/orin/f1tenth_ws/lab2-AutomaticEmergencyBreaking/f1tenth_lab2_template/safety_node -DCMAKE_INSTALL_PREFIX=/home/orin/f1tenth_ws/lab2-AutomaticEmergencyBreaking/install/safety_node
[2.150s] Invoking command in '/home/orin/f1tenth_ws/lab2-AutomaticEmergencyBreaking/build/safety_node': CMAKE_PREFIX_PATH=${CMAKE_PREFIX_PATH}:/home/orin/f1tenth_ws/install/f1tenth_stack:/home/orin/f1tenth_ws/install/vesc_msgs:/home/orin/f1tenth_ws/install/joy_teleop:/home/orin/f1tenth_ws/install/teleop_tools_msgs:/home/orin/f1tenth_ws/install/mouse_teleop:/home/orin/f1tenth_ws/install/key_teleop:/opt/ros/foxy /usr/bin/cmake --build /home/orin/f1tenth_ws/lab2-AutomaticEmergencyBreaking/build/safety_node -- -j6 -l6
[2.207s] -- Found ament_cmake: 0.9.12 (/opt/ros/foxy/share/ament_cmake/cmake)
[2.253s] -- Using PYTHON_EXECUTABLE: /usr/bin/python3
[2.650s] -- Found rclcpp: 2.4.3 (/opt/ros/foxy/share/rclcpp/cmake)
[2.716s] -- Using all available rosidl_typesupport_c: rosidl_typesupport_fastrtps_c;rosidl_typesupport_introspection_c
[2.722s] -- Found rosidl_adapter: 1.3.1 (/opt/ros/foxy/share/rosidl_adapter/cmake)
[2.961s] -- Using all available rosidl_typesupport_cpp: rosidl_typesupport_fastrtps_cpp;rosidl_typesupport_introspection_cpp
[3.049s] -- Found rmw_implementation_cmake: 1.0.4 (/opt/ros/foxy/share/rmw_implementation_cmake/cmake)
[3.053s] -- Using RMW implementation 'rmw_fastrtps_cpp' as default
[3.306s] -- Found rclpy: 1.0.13 (/opt/ros/foxy/share/rclpy/cmake)
[3.306s] -- Found nav_msgs: 2.0.5 (/opt/ros/foxy/share/nav_msgs/cmake)
[3.504s] -- Found ackermann_msgs: 2.0.2 (/opt/ros/foxy/share/ackermann_msgs/cmake)
[3.563s] -- Found sensor_msgs: 2.0.5 (/opt/ros/foxy/share/sensor_msgs/cmake)
[3.687s] -- Found vesc_msgs: 1.2.0 (/home/orin/f1tenth_ws/install/vesc_msgs/share/vesc_msgs/cmake)
[3.836s] -- Found ament_lint_auto: 0.9.8 (/opt/ros/foxy/share/ament_lint_auto/cmake)
[3.974s] -- Added test 'copyright' to check source files copyright and LICENSE
[4.007s] -- Added test 'cppcheck' to perform static code analysis on C / C++ code
[4.007s] -- Configured cppcheck include dirs: /home/orin/f1tenth_ws/lab2-AutomaticEmergencyBreaking/f1tenth_lab2_template/safety_node/include
[4.008s] -- Configured cppcheck exclude dirs and/or files: 
[4.039s] -- Added test 'cpplint' to check C / C++ code against the Google style
[4.039s] -- Configured cpplint exclude dirs and/or files: 
[4.043s] -- Added test 'flake8' to check Python code syntax and style conventions
[4.051s] -- Added test 'lint_cmake' to check CMake code style
[4.056s] -- Added test 'pep257' to check Python code against some of the style conventions in PEP 257
[4.087s] -- Added test 'uncrustify' to check C / C++ code style
[4.088s] -- Configured uncrustify additional arguments: 
[4.092s] -- Added test 'xmllint' to check XML markup files
[4.098s] -- Configuring done
[4.119s] -- Generating done
[4.130s] -- Build files have been written to: /home/orin/f1tenth_ws/lab2-AutomaticEmergencyBreaking/build/safety_node
[4.188s] [35m[1mScanning dependencies of target safety_node[0m
[4.297s] make[2]: Warning: File '/home/orin/f1tenth_ws/install/vesc_msgs/include/vesc_msgs/msg/detail/vesc_state__builder.hpp' has modification time 1742402402 s in the future
[4.325s] [ 50%] [32mBuilding CXX object CMakeFiles/safety_node.dir/src/safety_node.cpp.o[0m
[7.313s] [01m[K/home/orin/f1tenth_ws/lab2-AutomaticEmergencyBreaking/f1tenth_lab2_template/safety_node/src/safety_node.cpp:[m[K In member function ‘[01m[Kvoid Safety::drive_callback(nav_msgs::msg::Odometry_<std::allocator<void> >::ConstSharedPtr)[m[K’:
[7.313s] [01m[K/home/orin/f1tenth_ws/lab2-AutomaticEmergencyBreaking/f1tenth_lab2_template/safety_node/src/safety_node.cpp:49:71:[m[K [01;35m[Kwarning: [m[Kunused parameter ‘[01m[Kmsg[m[K’ [[01;35m[K-Wunused-parameter[m[K]
[7.314s]    49 |     void drive_callback([01;35m[Kconst nav_msgs::msg::Odometry::ConstSharedPtr msg[m[K)
[7.314s]       |                         [01;35m[K~~~~~~~~~~~~~~~~~~~~~~~~~~~~~~~~~~~~~~~~~~~~~~^~~[m[K
[7.335s] [01m[K/home/orin/f1tenth_ws/lab2-AutomaticEmergencyBreaking/f1tenth_lab2_template/safety_node/src/safety_node.cpp:[m[K In member function ‘[01m[Kvoid Safety::scan_callback(sensor_msgs::msg::LaserScan_<std::allocator<void> >::ConstSharedPtr)[m[K’:
[7.336s] [01m[K/home/orin/f1tenth_ws/lab2-AutomaticEmergencyBreaking/f1tenth_lab2_template/safety_node/src/safety_node.cpp:58:16:[m[K [01;35m[Kwarning: [m[Kunused variable ‘[01m[Kmin_distance[m[K’ [[01;35m[K-Wunused-variable[m[K]
[7.336s]    58 |         double [01;35m[Kmin_distance[m[K = scan_msg->range_max;
[7.336s]       |                [01;35m[K^~~~~~~~~~~~[m[K
[18.421s] [100%] [32m[1mLinking CXX executable safety_node[0m
[19.036s] make[2]: warning:  Clock skew detected.  Your build may be incomplete.
[19.054s] [100%] Built target safety_node
[19.081s] Invoked command in '/home/orin/f1tenth_ws/lab2-AutomaticEmergencyBreaking/build/safety_node' returned '0': CMAKE_PREFIX_PATH=${CMAKE_PREFIX_PATH}:/home/orin/f1tenth_ws/install/f1tenth_stack:/home/orin/f1tenth_ws/install/vesc_msgs:/home/orin/f1tenth_ws/install/joy_teleop:/home/orin/f1tenth_ws/install/teleop_tools_msgs:/home/orin/f1tenth_ws/install/mouse_teleop:/home/orin/f1tenth_ws/install/key_teleop:/opt/ros/foxy /usr/bin/cmake --build /home/orin/f1tenth_ws/lab2-AutomaticEmergencyBreaking/build/safety_node -- -j6 -l6
[19.115s] Invoking command in '/home/orin/f1tenth_ws/lab2-AutomaticEmergencyBreaking/build/safety_node': CMAKE_PREFIX_PATH=${CMAKE_PREFIX_PATH}:/home/orin/f1tenth_ws/install/f1tenth_stack:/home/orin/f1tenth_ws/install/vesc_msgs:/home/orin/f1tenth_ws/install/joy_teleop:/home/orin/f1tenth_ws/install/teleop_tools_msgs:/home/orin/f1tenth_ws/install/mouse_teleop:/home/orin/f1tenth_ws/install/key_teleop:/opt/ros/foxy /usr/bin/cmake --install /home/orin/f1tenth_ws/lab2-AutomaticEmergencyBreaking/build/safety_node
[19.134s] -- Install configuration: ""
[19.134s] -- Installing: /home/orin/f1tenth_ws/lab2-AutomaticEmergencyBreaking/install/safety_node/lib/safety_node/safety_node
[19.140s] -- Set runtime path of "/home/orin/f1tenth_ws/lab2-AutomaticEmergencyBreaking/install/safety_node/lib/safety_node/safety_node" to ""
[19.140s] -- Installing: /home/orin/f1tenth_ws/lab2-AutomaticEmergencyBreaking/install/safety_node/share/safety_node/environment/pythonpath.sh
[19.140s] -- Installing: /home/orin/f1tenth_ws/lab2-AutomaticEmergencyBreaking/install/safety_node/share/safety_node/environment/pythonpath.dsv
[19.140s] -- Installing: /home/orin/f1tenth_ws/lab2-AutomaticEmergencyBreaking/install/safety_node/lib/python3.8/site-packages/safety_node
[19.141s] -- Installing: /home/orin/f1tenth_ws/lab2-AutomaticEmergencyBreaking/install/safety_node/lib/python3.8/site-packages/safety_node/__init__.py
[19.209s] Listing '/home/orin/f1tenth_ws/lab2-AutomaticEmergencyBreaking/install/safety_node/lib/python3.8/site-packages/safety_node'...
[19.209s] Compiling '/home/orin/f1tenth_ws/lab2-AutomaticEmergencyBreaking/install/safety_node/lib/python3.8/site-packages/safety_node/__init__.py'...
[19.219s] -- Installing: /home/orin/f1tenth_ws/lab2-AutomaticEmergencyBreaking/install/safety_node/lib/safety_node/safety_node.py
[19.220s] -- Installing: /home/orin/f1tenth_ws/lab2-AutomaticEmergencyBreaking/install/safety_node/share/ament_index/resource_index/package_run_dependencies/safety_node
[19.220s] -- Installing: /home/orin/f1tenth_ws/lab2-AutomaticEmergencyBreaking/install/safety_node/share/ament_index/resource_index/parent_prefix_path/safety_node
[19.221s] -- Installing: /home/orin/f1tenth_ws/lab2-AutomaticEmergencyBreaking/install/safety_node/share/safety_node/environment/ament_prefix_path.sh
[19.221s] -- Installing: /home/orin/f1tenth_ws/lab2-AutomaticEmergencyBreaking/install/safety_node/share/safety_node/environment/ament_prefix_path.dsv
[19.221s] -- Installing: /home/orin/f1tenth_ws/lab2-AutomaticEmergencyBreaking/install/safety_node/share/safety_node/environment/path.sh
[19.222s] -- Installing: /home/orin/f1tenth_ws/lab2-AutomaticEmergencyBreaking/install/safety_node/share/safety_node/environment/path.dsv
[19.222s] -- Installing: /home/orin/f1tenth_ws/lab2-AutomaticEmergencyBreaking/install/safety_node/share/safety_node/local_setup.bash
[19.223s] -- Installing: /home/orin/f1tenth_ws/lab2-AutomaticEmergencyBreaking/install/safety_node/share/safety_node/local_setup.sh
[19.223s] -- Installing: /home/orin/f1tenth_ws/lab2-AutomaticEmergencyBreaking/install/safety_node/share/safety_node/local_setup.zsh
[19.223s] -- Installing: /home/orin/f1tenth_ws/lab2-AutomaticEmergencyBreaking/install/safety_node/share/safety_node/local_setup.dsv
[19.223s] -- Installing: /home/orin/f1tenth_ws/lab2-AutomaticEmergencyBreaking/install/safety_node/share/safety_node/package.dsv
[19.224s] -- Installing: /home/orin/f1tenth_ws/lab2-AutomaticEmergencyBreaking/install/safety_node/share/ament_index/resource_index/packages/safety_node
[19.224s] -- Installing: /home/orin/f1tenth_ws/lab2-AutomaticEmergencyBreaking/install/safety_node/share/safety_node/cmake/safety_nodeConfig.cmake
[19.224s] -- Installing: /home/orin/f1tenth_ws/lab2-AutomaticEmergencyBreaking/install/safety_node/share/safety_node/cmake/safety_nodeConfig-version.cmake
[19.224s] -- Installing: /home/orin/f1tenth_ws/lab2-AutomaticEmergencyBreaking/install/safety_node/share/safety_node/package.xml
[19.231s] Invoked command in '/home/orin/f1tenth_ws/lab2-AutomaticEmergencyBreaking/build/safety_node' returned '0': CMAKE_PREFIX_PATH=${CMAKE_PREFIX_PATH}:/home/orin/f1tenth_ws/install/f1tenth_stack:/home/orin/f1tenth_ws/install/vesc_msgs:/home/orin/f1tenth_ws/install/joy_teleop:/home/orin/f1tenth_ws/install/teleop_tools_msgs:/home/orin/f1tenth_ws/install/mouse_teleop:/home/orin/f1tenth_ws/install/key_teleop:/opt/ros/foxy /usr/bin/cmake --install /home/orin/f1tenth_ws/lab2-AutomaticEmergencyBreaking/build/safety_node
