[0.451s] DEBUG:colcon:Command line arguments: ['/usr/bin/colcon', 'build']
[0.452s] DEBUG:colcon:Parsed command line arguments: Namespace(allow_overriding=[], ament_cmake_args=None, base_paths=['.'], build_base='build', catkin_cmake_args=None, catkin_skip_building_tests=False, cmake_args=None, cmake_clean_cache=False, cmake_clean_first=False, cmake_force_configure=False, cmake_target=None, cmake_target_skip_unavailable=False, continue_on_error=False, event_handlers=None, executor='parallel', ignore_user_meta=False, install_base='install', log_base=None, log_level=None, main=<bound method BuildVerb.main of <colcon_core.verb.build.BuildVerb object at 0xffffb0cdf970>>, merge_install=False, metas=['./colcon.meta'], mixin=None, mixin_files=None, mixin_verb=('build',), packages_above=None, packages_above_and_dependencies=None, packages_above_depth=None, packages_end=None, packages_ignore=None, packages_ignore_regex=None, packages_select=None, packages_select_build_failed=False, packages_select_by_dep=None, packages_select_regex=None, packages_select_test_failures=False, packages_skip=None, packages_skip_build_finished=False, packages_skip_by_dep=None, packages_skip_regex=None, packages_skip_test_passed=False, packages_skip_up_to=None, packages_start=None, packages_up_to=None, packages_up_to_regex=None, parallel_workers=6, paths=None, symlink_install=False, test_result_base=None, verb_extension=<colcon_core.verb.build.BuildVerb object at 0xffffb0cdf970>, verb_name='build', verb_parser=<colcon_mixin.mixin.mixin_argument.MixinArgumentDecorator object at 0xffffb0cdff10>)
[0.804s] Level 1:colcon.colcon_core.package_discovery:discover_packages(colcon_meta) check parameters
[0.804s] Level 1:colcon.colcon_core.package_discovery:discover_packages(recursive) check parameters
[0.804s] Level 1:colcon.colcon_core.package_discovery:discover_packages(ignore) check parameters
[0.804s] Level 1:colcon.colcon_core.package_discovery:discover_packages(path) check parameters
[0.804s] Level 1:colcon.colcon_core.package_discovery:discover_packages(colcon_meta) discover
[0.804s] Level 1:colcon.colcon_core.package_discovery:discover_packages(recursive) discover
[0.805s] INFO:colcon.colcon_core.package_discovery:Crawling recursively for packages in '/home/orin/f1tenth_ws/lab2-AutomaticEmergencyBreaking'
[0.805s] Level 1:colcon.colcon_core.package_identification:_identify(.) by extensions ['ignore', 'ignore_ament_install']
[0.805s] Level 1:colcon.colcon_core.package_identification:_identify(.) by extension 'ignore'
[0.805s] Level 1:colcon.colcon_core.package_identification:_identify(.) by extension 'ignore_ament_install'
[0.806s] Level 1:colcon.colcon_core.package_identification:_identify(.) by extensions ['colcon_pkg']
[0.806s] Level 1:colcon.colcon_core.package_identification:_identify(.) by extension 'colcon_pkg'
[0.806s] Level 1:colcon.colcon_core.package_identification:_identify(.) by extensions ['colcon_meta']
[0.806s] Level 1:colcon.colcon_core.package_identification:_identify(.) by extension 'colcon_meta'
[0.806s] Level 1:colcon.colcon_core.package_identification:_identify(.) by extensions ['ros']
[0.806s] Level 1:colcon.colcon_core.package_identification:_identify(.) by extension 'ros'
[0.831s] Level 1:colcon.colcon_core.package_identification:_identify(.) by extensions ['cmake', 'python']
[0.831s] Level 1:colcon.colcon_core.package_identification:_identify(.) by extension 'cmake'
[0.831s] Level 1:colcon.colcon_core.package_identification:_identify(.) by extension 'python'
[0.832s] Level 1:colcon.colcon_core.package_identification:_identify(.) by extensions ['python_setup_py']
[0.832s] Level 1:colcon.colcon_core.package_identification:_identify(.) by extension 'python_setup_py'
[0.832s] Level 1:colcon.colcon_core.package_identification:_identify(build) by extensions ['ignore', 'ignore_ament_install']
[0.832s] Level 1:colcon.colcon_core.package_identification:_identify(build) by extension 'ignore'
[0.832s] Level 1:colcon.colcon_core.package_identification:_identify(build) ignored
[0.833s] Level 1:colcon.colcon_core.package_identification:_identify(f1tenth_lab2_template) by extensions ['ignore', 'ignore_ament_install']
[0.833s] Level 1:colcon.colcon_core.package_identification:_identify(f1tenth_lab2_template) by extension 'ignore'
[0.833s] Level 1:colcon.colcon_core.package_identification:_identify(f1tenth_lab2_template) by extension 'ignore_ament_install'
[0.833s] Level 1:colcon.colcon_core.package_identification:_identify(f1tenth_lab2_template) by extensions ['colcon_pkg']
[0.833s] Level 1:colcon.colcon_core.package_identification:_identify(f1tenth_lab2_template) by extension 'colcon_pkg'
[0.833s] Level 1:colcon.colcon_core.package_identification:_identify(f1tenth_lab2_template) by extensions ['colcon_meta']
[0.834s] Level 1:colcon.colcon_core.package_identification:_identify(f1tenth_lab2_template) by extension 'colcon_meta'
[0.834s] Level 1:colcon.colcon_core.package_identification:_identify(f1tenth_lab2_template) by extensions ['ros']
[0.834s] Level 1:colcon.colcon_core.package_identification:_identify(f1tenth_lab2_template) by extension 'ros'
[0.834s] Level 1:colcon.colcon_core.package_identification:_identify(f1tenth_lab2_template) by extensions ['cmake', 'python']
[0.834s] Level 1:colcon.colcon_core.package_identification:_identify(f1tenth_lab2_template) by extension 'cmake'
[0.834s] Level 1:colcon.colcon_core.package_identification:_identify(f1tenth_lab2_template) by extension 'python'
[0.834s] Level 1:colcon.colcon_core.package_identification:_identify(f1tenth_lab2_template) by extensions ['python_setup_py']
[0.834s] Level 1:colcon.colcon_core.package_identification:_identify(f1tenth_lab2_template) by extension 'python_setup_py'
[0.835s] Level 1:colcon.colcon_core.package_identification:_identify(f1tenth_lab2_template/safety_node) by extensions ['ignore', 'ignore_ament_install']
[0.835s] Level 1:colcon.colcon_core.package_identification:_identify(f1tenth_lab2_template/safety_node) by extension 'ignore'
[0.835s] Level 1:colcon.colcon_core.package_identification:_identify(f1tenth_lab2_template/safety_node) by extension 'ignore_ament_install'
[0.835s] Level 1:colcon.colcon_core.package_identification:_identify(f1tenth_lab2_template/safety_node) by extensions ['colcon_pkg']
[0.835s] Level 1:colcon.colcon_core.package_identification:_identify(f1tenth_lab2_template/safety_node) by extension 'colcon_pkg'
[0.835s] Level 1:colcon.colcon_core.package_identification:_identify(f1tenth_lab2_template/safety_node) by extensions ['colcon_meta']
[0.835s] Level 1:colcon.colcon_core.package_identification:_identify(f1tenth_lab2_template/safety_node) by extension 'colcon_meta'
[0.835s] Level 1:colcon.colcon_core.package_identification:_identify(f1tenth_lab2_template/safety_node) by extensions ['ros']
[0.835s] Level 1:colcon.colcon_core.package_identification:_identify(f1tenth_lab2_template/safety_node) by extension 'ros'
[0.841s] DEBUG:colcon.colcon_core.package_identification:Package 'f1tenth_lab2_template/safety_node' with type 'ros.ament_cmake' and name 'safety_node'
[0.842s] Level 1:colcon.colcon_core.package_identification:_identify(install) by extensions ['ignore', 'ignore_ament_install']
[0.842s] Level 1:colcon.colcon_core.package_identification:_identify(install) by extension 'ignore'
[0.842s] Level 1:colcon.colcon_core.package_identification:_identify(install) ignored
[0.842s] Level 1:colcon.colcon_core.package_identification:_identify(log) by extensions ['ignore', 'ignore_ament_install']
[0.842s] Level 1:colcon.colcon_core.package_identification:_identify(log) by extension 'ignore'
[0.843s] Level 1:colcon.colcon_core.package_identification:_identify(log) ignored
[0.843s] Level 1:colcon.colcon_core.package_discovery:discover_packages(recursive) using defaults
[0.843s] Level 1:colcon.colcon_core.package_discovery:discover_packages(ignore) discover
[0.843s] Level 1:colcon.colcon_core.package_discovery:discover_packages(ignore) using defaults
[0.843s] Level 1:colcon.colcon_core.package_discovery:discover_packages(path) discover
[0.843s] Level 1:colcon.colcon_core.package_discovery:discover_packages(path) using defaults
[0.879s] Level 1:colcon.colcon_core.package_discovery:discover_packages(prefix_path) check parameters
[0.879s] Level 1:colcon.colcon_core.package_discovery:discover_packages(prefix_path) discover
[0.884s] DEBUG:colcon.colcon_installed_package_information.package_discovery:Found 1 installed packages in /home/orin/f1tenth_ws/lab2-AutomaticEmergencyBreaking/install
[0.886s] DEBUG:colcon.colcon_installed_package_information.package_discovery:Found 12 installed packages in /home/orin/f1tenth_ws/install
[0.887s] DEBUG:colcon.colcon_installed_package_information.package_discovery:Found 1 installed packages in /home/orin/f1tenth_ws/lab2-AutomaticEmergencyBreaking/f1tenth_lab2_template/safety_node/install
[0.890s] DEBUG:colcon.colcon_installed_package_information.package_discovery:Found 272 installed packages in /opt/ros/foxy
[0.923s] Level 1:colcon.colcon_core.package_discovery:discover_packages(prefix_path) using defaults
[1.058s] Level 5:colcon.colcon_core.verb:set package 'safety_node' build argument 'cmake_args' from command line to 'None'
[1.058s] Level 5:colcon.colcon_core.verb:set package 'safety_node' build argument 'cmake_target' from command line to 'None'
[1.058s] Level 5:colcon.colcon_core.verb:set package 'safety_node' build argument 'cmake_target_skip_unavailable' from command line to 'False'
[1.058s] Level 5:colcon.colcon_core.verb:set package 'safety_node' build argument 'cmake_clean_cache' from command line to 'False'
[1.058s] Level 5:colcon.colcon_core.verb:set package 'safety_node' build argument 'cmake_clean_first' from command line to 'False'
[1.058s] Level 5:colcon.colcon_core.verb:set package 'safety_node' build argument 'cmake_force_configure' from command line to 'False'
[1.058s] Level 5:colcon.colcon_core.verb:set package 'safety_node' build argument 'ament_cmake_args' from command line to 'None'
[1.058s] Level 5:colcon.colcon_core.verb:set package 'safety_node' build argument 'catkin_cmake_args' from command line to 'None'
[1.058s] Level 5:colcon.colcon_core.verb:set package 'safety_node' build argument 'catkin_skip_building_tests' from command line to 'False'
[1.059s] DEBUG:colcon.colcon_core.verb:Building package 'safety_node' with the following arguments: {'ament_cmake_args': None, 'build_base': '/home/orin/f1tenth_ws/lab2-AutomaticEmergencyBreaking/build/safety_node', 'catkin_cmake_args': None, 'catkin_skip_building_tests': False, 'cmake_args': None, 'cmake_clean_cache': False, 'cmake_clean_first': False, 'cmake_force_configure': False, 'cmake_target': None, 'cmake_target_skip_unavailable': False, 'install_base': '/home/orin/f1tenth_ws/lab2-AutomaticEmergencyBreaking/install/safety_node', 'merge_install': False, 'path': '/home/orin/f1tenth_ws/lab2-AutomaticEmergencyBreaking/f1tenth_lab2_template/safety_node', 'symlink_install': False, 'test_result_base': None}
[1.059s] INFO:colcon.colcon_core.executor:Executing jobs using 'parallel' executor
[1.061s] DEBUG:colcon.colcon_parallel_executor.executor.parallel:run_until_complete
[1.062s] INFO:colcon.colcon_ros.task.ament_cmake.build:Building ROS package in '/home/orin/f1tenth_ws/lab2-AutomaticEmergencyBreaking/f1tenth_lab2_template/safety_node' with build type 'ament_cmake'
[1.062s] INFO:colcon.colcon_cmake.task.cmake.build:Building CMake package in '/home/orin/f1tenth_ws/lab2-AutomaticEmergencyBreaking/f1tenth_lab2_template/safety_node'
[1.067s] INFO:colcon.colcon_core.plugin_system:Skipping extension 'colcon_core.shell.bat': Not used on non-Windows systems
[1.067s] INFO:colcon.colcon_core.shell:Skip shell extension 'powershell' for command environment: Not usable outside of PowerShell
[1.067s] DEBUG:colcon.colcon_core.shell:Skip shell extension 'dsv' for command environment
[1.111s] DEBUG:colcon.colcon_core.event_handler.log_command:Invoking command in '/home/orin/f1tenth_ws/lab2-AutomaticEmergencyBreaking/build/safety_node': CMAKE_PREFIX_PATH=${CMAKE_PREFIX_PATH}:/home/orin/f1tenth_ws/install/f1tenth_stack:/home/orin/f1tenth_ws/install/joy_teleop:/home/orin/f1tenth_ws/install/mouse_teleop:/home/orin/f1tenth_ws/install/key_teleop:/opt/ros/foxy NX_CONNECTION=192.168.156.102 37418 192.168.156.253 4000 /usr/bin/cmake --build /home/orin/f1tenth_ws/lab2-AutomaticEmergencyBreaking/build/safety_node -- -j6 -l6
[16.440s] DEBUG:colcon.colcon_core.event_handler.log_command:Invoked command in '/home/orin/f1tenth_ws/lab2-AutomaticEmergencyBreaking/build/safety_node' returned '0': CMAKE_PREFIX_PATH=${CMAKE_PREFIX_PATH}:/home/orin/f1tenth_ws/install/f1tenth_stack:/home/orin/f1tenth_ws/install/joy_teleop:/home/orin/f1tenth_ws/install/mouse_teleop:/home/orin/f1tenth_ws/install/key_teleop:/opt/ros/foxy NX_CONNECTION=192.168.156.102 37418 192.168.156.253 4000 /usr/bin/cmake --build /home/orin/f1tenth_ws/lab2-AutomaticEmergencyBreaking/build/safety_node -- -j6 -l6
[16.475s] DEBUG:colcon.colcon_core.event_handler.log_command:Invoking command in '/home/orin/f1tenth_ws/lab2-AutomaticEmergencyBreaking/build/safety_node': CMAKE_PREFIX_PATH=${CMAKE_PREFIX_PATH}:/home/orin/f1tenth_ws/install/f1tenth_stack:/home/orin/f1tenth_ws/install/joy_teleop:/home/orin/f1tenth_ws/install/mouse_teleop:/home/orin/f1tenth_ws/install/key_teleop:/opt/ros/foxy NX_CONNECTION=192.168.156.102 37418 192.168.156.253 4000 /usr/bin/cmake --install /home/orin/f1tenth_ws/lab2-AutomaticEmergencyBreaking/build/safety_node
[16.586s] Level 1:colcon.colcon_core.environment:create_environment_scripts_only(safety_node)
[16.588s] DEBUG:colcon.colcon_core.event_handler.log_command:Invoked command in '/home/orin/f1tenth_ws/lab2-AutomaticEmergencyBreaking/build/safety_node' returned '0': CMAKE_PREFIX_PATH=${CMAKE_PREFIX_PATH}:/home/orin/f1tenth_ws/install/f1tenth_stack:/home/orin/f1tenth_ws/install/joy_teleop:/home/orin/f1tenth_ws/install/mouse_teleop:/home/orin/f1tenth_ws/install/key_teleop:/opt/ros/foxy NX_CONNECTION=192.168.156.102 37418 192.168.156.253 4000 /usr/bin/cmake --install /home/orin/f1tenth_ws/lab2-AutomaticEmergencyBreaking/build/safety_node
[16.598s] Level 1:colcon.colcon_core.environment:checking '/home/orin/f1tenth_ws/lab2-AutomaticEmergencyBreaking/install/safety_node' for CMake module files
[16.600s] Level 1:colcon.colcon_core.environment:checking '/home/orin/f1tenth_ws/lab2-AutomaticEmergencyBreaking/install/safety_node' for CMake config files
[16.601s] Level 1:colcon.colcon_core.shell:create_environment_hook('safety_node', 'cmake_prefix_path')
[16.602s] INFO:colcon.colcon_core.shell:Creating environment hook '/home/orin/f1tenth_ws/lab2-AutomaticEmergencyBreaking/install/safety_node/share/safety_node/hook/cmake_prefix_path.ps1'
[16.605s] INFO:colcon.colcon_core.shell:Creating environment descriptor '/home/orin/f1tenth_ws/lab2-AutomaticEmergencyBreaking/install/safety_node/share/safety_node/hook/cmake_prefix_path.dsv'
[16.606s] INFO:colcon.colcon_core.shell:Creating environment hook '/home/orin/f1tenth_ws/lab2-AutomaticEmergencyBreaking/install/safety_node/share/safety_node/hook/cmake_prefix_path.sh'
[16.610s] Level 1:colcon.colcon_core.environment:checking '/home/orin/f1tenth_ws/lab2-AutomaticEmergencyBreaking/install/safety_node/lib'
[16.611s] Level 1:colcon.colcon_core.environment:checking '/home/orin/f1tenth_ws/lab2-AutomaticEmergencyBreaking/install/safety_node/bin'
[16.611s] Level 1:colcon.colcon_core.environment:checking '/home/orin/f1tenth_ws/lab2-AutomaticEmergencyBreaking/install/safety_node/lib/pkgconfig/safety_node.pc'
[16.612s] Level 1:colcon.colcon_core.environment:checking '/home/orin/f1tenth_ws/lab2-AutomaticEmergencyBreaking/install/safety_node/lib/python3.8/site-packages'
[16.612s] Level 1:colcon.colcon_core.shell:create_environment_hook('safety_node', 'pythonpath')
[16.613s] INFO:colcon.colcon_core.shell:Creating environment hook '/home/orin/f1tenth_ws/lab2-AutomaticEmergencyBreaking/install/safety_node/share/safety_node/hook/pythonpath.ps1'
[16.614s] INFO:colcon.colcon_core.shell:Creating environment descriptor '/home/orin/f1tenth_ws/lab2-AutomaticEmergencyBreaking/install/safety_node/share/safety_node/hook/pythonpath.dsv'
[16.616s] INFO:colcon.colcon_core.shell:Creating environment hook '/home/orin/f1tenth_ws/lab2-AutomaticEmergencyBreaking/install/safety_node/share/safety_node/hook/pythonpath.sh'
[16.617s] Level 1:colcon.colcon_core.environment:checking '/home/orin/f1tenth_ws/lab2-AutomaticEmergencyBreaking/install/safety_node/bin'
[16.619s] INFO:colcon.colcon_core.shell:Creating package script '/home/orin/f1tenth_ws/lab2-AutomaticEmergencyBreaking/install/safety_node/share/safety_node/package.ps1'
[16.621s] INFO:colcon.colcon_core.shell:Creating package descriptor '/home/orin/f1tenth_ws/lab2-AutomaticEmergencyBreaking/install/safety_node/share/safety_node/package.dsv'
[16.623s] INFO:colcon.colcon_core.shell:Creating package script '/home/orin/f1tenth_ws/lab2-AutomaticEmergencyBreaking/install/safety_node/share/safety_node/package.sh'
[16.626s] INFO:colcon.colcon_core.shell:Creating package script '/home/orin/f1tenth_ws/lab2-AutomaticEmergencyBreaking/install/safety_node/share/safety_node/package.bash'
[16.628s] INFO:colcon.colcon_core.shell:Creating package script '/home/orin/f1tenth_ws/lab2-AutomaticEmergencyBreaking/install/safety_node/share/safety_node/package.zsh'
[16.629s] Level 1:colcon.colcon_core.environment:create_file_with_runtime_dependencies(/home/orin/f1tenth_ws/lab2-AutomaticEmergencyBreaking/install/safety_node/share/colcon-core/packages/safety_node)
[16.631s] Level 1:colcon.colcon_core.environment:create_environment_scripts_only(safety_node)
[16.632s] Level 1:colcon.colcon_core.environment:checking '/home/orin/f1tenth_ws/lab2-AutomaticEmergencyBreaking/install/safety_node' for CMake module files
[16.633s] Level 1:colcon.colcon_core.environment:checking '/home/orin/f1tenth_ws/lab2-AutomaticEmergencyBreaking/install/safety_node' for CMake config files
[16.633s] Level 1:colcon.colcon_core.shell:create_environment_hook('safety_node', 'cmake_prefix_path')
[16.634s] INFO:colcon.colcon_core.shell:Creating environment hook '/home/orin/f1tenth_ws/lab2-AutomaticEmergencyBreaking/install/safety_node/share/safety_node/hook/cmake_prefix_path.ps1'
[16.635s] INFO:colcon.colcon_core.shell:Creating environment descriptor '/home/orin/f1tenth_ws/lab2-AutomaticEmergencyBreaking/install/safety_node/share/safety_node/hook/cmake_prefix_path.dsv'
[16.636s] INFO:colcon.colcon_core.shell:Creating environment hook '/home/orin/f1tenth_ws/lab2-AutomaticEmergencyBreaking/install/safety_node/share/safety_node/hook/cmake_prefix_path.sh'
[16.637s] Level 1:colcon.colcon_core.environment:checking '/home/orin/f1tenth_ws/lab2-AutomaticEmergencyBreaking/install/safety_node/lib'
[16.637s] Level 1:colcon.colcon_core.environment:checking '/home/orin/f1tenth_ws/lab2-AutomaticEmergencyBreaking/install/safety_node/bin'
[16.638s] Level 1:colcon.colcon_core.environment:checking '/home/orin/f1tenth_ws/lab2-AutomaticEmergencyBreaking/install/safety_node/lib/pkgconfig/safety_node.pc'
[16.638s] Level 1:colcon.colcon_core.environment:checking '/home/orin/f1tenth_ws/lab2-AutomaticEmergencyBreaking/install/safety_node/lib/python3.8/site-packages'
[16.638s] Level 1:colcon.colcon_core.shell:create_environment_hook('safety_node', 'pythonpath')
[16.639s] INFO:colcon.colcon_core.shell:Creating environment hook '/home/orin/f1tenth_ws/lab2-AutomaticEmergencyBreaking/install/safety_node/share/safety_node/hook/pythonpath.ps1'
[16.639s] INFO:colcon.colcon_core.shell:Creating environment descriptor '/home/orin/f1tenth_ws/lab2-AutomaticEmergencyBreaking/install/safety_node/share/safety_node/hook/pythonpath.dsv'
[16.640s] INFO:colcon.colcon_core.shell:Creating environment hook '/home/orin/f1tenth_ws/lab2-AutomaticEmergencyBreaking/install/safety_node/share/safety_node/hook/pythonpath.sh'
[16.641s] Level 1:colcon.colcon_core.environment:checking '/home/orin/f1tenth_ws/lab2-AutomaticEmergencyBreaking/install/safety_node/bin'
[16.642s] INFO:colcon.colcon_core.shell:Creating package script '/home/orin/f1tenth_ws/lab2-AutomaticEmergencyBreaking/install/safety_node/share/safety_node/package.ps1'
[16.643s] INFO:colcon.colcon_core.shell:Creating package descriptor '/home/orin/f1tenth_ws/lab2-AutomaticEmergencyBreaking/install/safety_node/share/safety_node/package.dsv'
[16.644s] INFO:colcon.colcon_core.shell:Creating package script '/home/orin/f1tenth_ws/lab2-AutomaticEmergencyBreaking/install/safety_node/share/safety_node/package.sh'
[16.645s] INFO:colcon.colcon_core.shell:Creating package script '/home/orin/f1tenth_ws/lab2-AutomaticEmergencyBreaking/install/safety_node/share/safety_node/package.bash'
[16.646s] INFO:colcon.colcon_core.shell:Creating package script '/home/orin/f1tenth_ws/lab2-AutomaticEmergencyBreaking/install/safety_node/share/safety_node/package.zsh'
[16.647s] Level 1:colcon.colcon_core.environment:create_file_with_runtime_dependencies(/home/orin/f1tenth_ws/lab2-AutomaticEmergencyBreaking/install/safety_node/share/colcon-core/packages/safety_node)
[16.649s] DEBUG:colcon.colcon_parallel_executor.executor.parallel:closing loop
[16.650s] DEBUG:colcon.colcon_parallel_executor.executor.parallel:loop closed
[16.650s] DEBUG:colcon.colcon_parallel_executor.executor.parallel:run_until_complete finished with '0'
[16.650s] DEBUG:colcon.colcon_core.event_reactor:joining thread
[16.664s] INFO:colcon.colcon_core.plugin_system:Skipping extension 'colcon_notification.desktop_notification.terminal_notifier': Not used on non-Darwin systems
[16.665s] INFO:colcon.colcon_core.plugin_system:Skipping extension 'colcon_notification.desktop_notification.win32': Not used on non-Windows systems
[16.665s] INFO:colcon.colcon_notification.desktop_notification:Sending desktop notification using 'notify2'
[16.703s] DEBUG:colcon.colcon_core.event_reactor:joined thread
[16.704s] INFO:colcon.colcon_core.shell:Creating prefix script '/home/orin/f1tenth_ws/lab2-AutomaticEmergencyBreaking/install/local_setup.ps1'
[16.706s] INFO:colcon.colcon_core.shell:Creating prefix util module '/home/orin/f1tenth_ws/lab2-AutomaticEmergencyBreaking/install/_local_setup_util_ps1.py'
[16.709s] INFO:colcon.colcon_core.shell:Creating prefix chain script '/home/orin/f1tenth_ws/lab2-AutomaticEmergencyBreaking/install/setup.ps1'
[16.714s] INFO:colcon.colcon_core.shell:Creating prefix script '/home/orin/f1tenth_ws/lab2-AutomaticEmergencyBreaking/install/local_setup.sh'
[16.716s] INFO:colcon.colcon_core.shell:Creating prefix util module '/home/orin/f1tenth_ws/lab2-AutomaticEmergencyBreaking/install/_local_setup_util_sh.py'
[16.717s] INFO:colcon.colcon_core.shell:Creating prefix chain script '/home/orin/f1tenth_ws/lab2-AutomaticEmergencyBreaking/install/setup.sh'
[16.721s] INFO:colcon.colcon_core.shell:Creating prefix script '/home/orin/f1tenth_ws/lab2-AutomaticEmergencyBreaking/install/local_setup.bash'
[16.723s] INFO:colcon.colcon_core.shell:Creating prefix chain script '/home/orin/f1tenth_ws/lab2-AutomaticEmergencyBreaking/install/setup.bash'
[16.726s] INFO:colcon.colcon_core.shell:Creating prefix script '/home/orin/f1tenth_ws/lab2-AutomaticEmergencyBreaking/install/local_setup.zsh'
[16.728s] INFO:colcon.colcon_core.shell:Creating prefix chain script '/home/orin/f1tenth_ws/lab2-AutomaticEmergencyBreaking/install/setup.zsh'
