[0.435s] DEBUG:colcon:Command line arguments: ['/usr/bin/colcon', 'build']
[0.436s] DEBUG:colcon:Parsed command line arguments: Namespace(allow_overriding=[], ament_cmake_args=None, base_paths=['.'], build_base='build', catkin_cmake_args=None, catkin_skip_building_tests=False, cmake_args=None, cmake_clean_cache=False, cmake_clean_first=False, cmake_force_configure=False, cmake_target=None, cmake_target_skip_unavailable=False, continue_on_error=False, event_handlers=None, executor='parallel', ignore_user_meta=False, install_base='install', log_base=None, log_level=None, main=<bound method BuildVerb.main of <colcon_core.verb.build.BuildVerb object at 0xffffbb6b0340>>, merge_install=False, metas=['./colcon.meta'], mixin=None, mixin_files=None, mixin_verb=('build',), packages_above=None, packages_above_and_dependencies=None, packages_above_depth=None, packages_end=None, packages_ignore=None, packages_ignore_regex=None, packages_select=None, packages_select_build_failed=False, packages_select_by_dep=None, packages_select_regex=None, packages_select_test_failures=False, packages_skip=None, packages_skip_build_finished=False, packages_skip_by_dep=None, packages_skip_regex=None, packages_skip_test_passed=False, packages_skip_up_to=None, packages_start=None, packages_up_to=None, packages_up_to_regex=None, parallel_workers=6, paths=None, symlink_install=False, test_result_base=None, verb_extension=<colcon_core.verb.build.BuildVerb object at 0xffffbb6b0340>, verb_name='build', verb_parser=<colcon_mixin.mixin.mixin_argument.MixinArgumentDecorator object at 0xffffbb6b0970>)
[0.779s] Level 1:colcon.colcon_core.package_discovery:discover_packages(colcon_meta) check parameters
[0.779s] Level 1:colcon.colcon_core.package_discovery:discover_packages(recursive) check parameters
[0.779s] Level 1:colcon.colcon_core.package_discovery:discover_packages(ignore) check parameters
[0.779s] Level 1:colcon.colcon_core.package_discovery:discover_packages(path) check parameters
[0.779s] Level 1:colcon.colcon_core.package_discovery:discover_packages(colcon_meta) discover
[0.780s] Level 1:colcon.colcon_core.package_discovery:discover_packages(recursive) discover
[0.780s] INFO:colcon.colcon_core.package_discovery:Crawling recursively for packages in '/home/orin/f1tenth_ws/lab2-AutomaticEmergencyBreaking'
[0.780s] Level 1:colcon.colcon_core.package_identification:_identify(.) by extensions ['ignore', 'ignore_ament_install']
[0.780s] Level 1:colcon.colcon_core.package_identification:_identify(.) by extension 'ignore'
[0.780s] Level 1:colcon.colcon_core.package_identification:_identify(.) by extension 'ignore_ament_install'
[0.780s] Level 1:colcon.colcon_core.package_identification:_identify(.) by extensions ['colcon_pkg']
[0.781s] Level 1:colcon.colcon_core.package_identification:_identify(.) by extension 'colcon_pkg'
[0.781s] Level 1:colcon.colcon_core.package_identification:_identify(.) by extensions ['colcon_meta']
[0.781s] Level 1:colcon.colcon_core.package_identification:_identify(.) by extension 'colcon_meta'
[0.781s] Level 1:colcon.colcon_core.package_identification:_identify(.) by extensions ['ros']
[0.781s] Level 1:colcon.colcon_core.package_identification:_identify(.) by extension 'ros'
[0.805s] Level 1:colcon.colcon_core.package_identification:_identify(.) by extensions ['cmake', 'python']
[0.805s] Level 1:colcon.colcon_core.package_identification:_identify(.) by extension 'cmake'
[0.805s] Level 1:colcon.colcon_core.package_identification:_identify(.) by extension 'python'
[0.805s] Level 1:colcon.colcon_core.package_identification:_identify(.) by extensions ['python_setup_py']
[0.805s] Level 1:colcon.colcon_core.package_identification:_identify(.) by extension 'python_setup_py'
[0.806s] Level 1:colcon.colcon_core.package_identification:_identify(build) by extensions ['ignore', 'ignore_ament_install']
[0.806s] Level 1:colcon.colcon_core.package_identification:_identify(build) by extension 'ignore'
[0.806s] Level 1:colcon.colcon_core.package_identification:_identify(build) ignored
[0.806s] Level 1:colcon.colcon_core.package_identification:_identify(f1tenth_lab2_template) by extensions ['ignore', 'ignore_ament_install']
[0.807s] Level 1:colcon.colcon_core.package_identification:_identify(f1tenth_lab2_template) by extension 'ignore'
[0.807s] Level 1:colcon.colcon_core.package_identification:_identify(f1tenth_lab2_template) by extension 'ignore_ament_install'
[0.807s] Level 1:colcon.colcon_core.package_identification:_identify(f1tenth_lab2_template) by extensions ['colcon_pkg']
[0.807s] Level 1:colcon.colcon_core.package_identification:_identify(f1tenth_lab2_template) by extension 'colcon_pkg'
[0.807s] Level 1:colcon.colcon_core.package_identification:_identify(f1tenth_lab2_template) by extensions ['colcon_meta']
[0.807s] Level 1:colcon.colcon_core.package_identification:_identify(f1tenth_lab2_template) by extension 'colcon_meta'
[0.807s] Level 1:colcon.colcon_core.package_identification:_identify(f1tenth_lab2_template) by extensions ['ros']
[0.807s] Level 1:colcon.colcon_core.package_identification:_identify(f1tenth_lab2_template) by extension 'ros'
[0.807s] Level 1:colcon.colcon_core.package_identification:_identify(f1tenth_lab2_template) by extensions ['cmake', 'python']
[0.808s] Level 1:colcon.colcon_core.package_identification:_identify(f1tenth_lab2_template) by extension 'cmake'
[0.808s] Level 1:colcon.colcon_core.package_identification:_identify(f1tenth_lab2_template) by extension 'python'
[0.808s] Level 1:colcon.colcon_core.package_identification:_identify(f1tenth_lab2_template) by extensions ['python_setup_py']
[0.808s] Level 1:colcon.colcon_core.package_identification:_identify(f1tenth_lab2_template) by extension 'python_setup_py'
[0.808s] Level 1:colcon.colcon_core.package_identification:_identify(f1tenth_lab2_template/safety_node) by extensions ['ignore', 'ignore_ament_install']
[0.808s] Level 1:colcon.colcon_core.package_identification:_identify(f1tenth_lab2_template/safety_node) by extension 'ignore'
[0.808s] Level 1:colcon.colcon_core.package_identification:_identify(f1tenth_lab2_template/safety_node) by extension 'ignore_ament_install'
[0.808s] Level 1:colcon.colcon_core.package_identification:_identify(f1tenth_lab2_template/safety_node) by extensions ['colcon_pkg']
[0.809s] Level 1:colcon.colcon_core.package_identification:_identify(f1tenth_lab2_template/safety_node) by extension 'colcon_pkg'
[0.809s] Level 1:colcon.colcon_core.package_identification:_identify(f1tenth_lab2_template/safety_node) by extensions ['colcon_meta']
[0.809s] Level 1:colcon.colcon_core.package_identification:_identify(f1tenth_lab2_template/safety_node) by extension 'colcon_meta'
[0.809s] Level 1:colcon.colcon_core.package_identification:_identify(f1tenth_lab2_template/safety_node) by extensions ['ros']
[0.809s] Level 1:colcon.colcon_core.package_identification:_identify(f1tenth_lab2_template/safety_node) by extension 'ros'
[0.815s] DEBUG:colcon.colcon_core.package_identification:Package 'f1tenth_lab2_template/safety_node' with type 'ros.ament_cmake' and name 'safety_node'
[0.815s] Level 1:colcon.colcon_core.package_identification:_identify(install) by extensions ['ignore', 'ignore_ament_install']
[0.815s] Level 1:colcon.colcon_core.package_identification:_identify(install) by extension 'ignore'
[0.816s] Level 1:colcon.colcon_core.package_identification:_identify(install) ignored
[0.816s] Level 1:colcon.colcon_core.package_identification:_identify(log) by extensions ['ignore', 'ignore_ament_install']
[0.816s] Level 1:colcon.colcon_core.package_identification:_identify(log) by extension 'ignore'
[0.816s] Level 1:colcon.colcon_core.package_identification:_identify(log) ignored
[0.816s] Level 1:colcon.colcon_core.package_discovery:discover_packages(recursive) using defaults
[0.816s] Level 1:colcon.colcon_core.package_discovery:discover_packages(ignore) discover
[0.816s] Level 1:colcon.colcon_core.package_discovery:discover_packages(ignore) using defaults
[0.816s] Level 1:colcon.colcon_core.package_discovery:discover_packages(path) discover
[0.816s] Level 1:colcon.colcon_core.package_discovery:discover_packages(path) using defaults
[0.850s] Level 1:colcon.colcon_core.package_discovery:discover_packages(prefix_path) check parameters
[0.851s] Level 1:colcon.colcon_core.package_discovery:discover_packages(prefix_path) discover
[0.857s] DEBUG:colcon.colcon_installed_package_information.package_discovery:Found 12 installed packages in /home/orin/f1tenth_ws/install
[0.858s] DEBUG:colcon.colcon_installed_package_information.package_discovery:Found 1 installed packages in /home/orin/f1tenth_ws/lab2-AutomaticEmergencyBreaking/f1tenth_lab2_template/safety_node/install
[0.861s] DEBUG:colcon.colcon_installed_package_information.package_discovery:Found 272 installed packages in /opt/ros/foxy
[0.894s] Level 1:colcon.colcon_core.package_discovery:discover_packages(prefix_path) using defaults
[1.027s] Level 5:colcon.colcon_core.verb:set package 'safety_node' build argument 'cmake_args' from command line to 'None'
[1.027s] Level 5:colcon.colcon_core.verb:set package 'safety_node' build argument 'cmake_target' from command line to 'None'
[1.027s] Level 5:colcon.colcon_core.verb:set package 'safety_node' build argument 'cmake_target_skip_unavailable' from command line to 'False'
[1.027s] Level 5:colcon.colcon_core.verb:set package 'safety_node' build argument 'cmake_clean_cache' from command line to 'False'
[1.027s] Level 5:colcon.colcon_core.verb:set package 'safety_node' build argument 'cmake_clean_first' from command line to 'False'
[1.027s] Level 5:colcon.colcon_core.verb:set package 'safety_node' build argument 'cmake_force_configure' from command line to 'False'
[1.027s] Level 5:colcon.colcon_core.verb:set package 'safety_node' build argument 'ament_cmake_args' from command line to 'None'
[1.027s] Level 5:colcon.colcon_core.verb:set package 'safety_node' build argument 'catkin_cmake_args' from command line to 'None'
[1.027s] Level 5:colcon.colcon_core.verb:set package 'safety_node' build argument 'catkin_skip_building_tests' from command line to 'False'
[1.027s] DEBUG:colcon.colcon_core.verb:Building package 'safety_node' with the following arguments: {'ament_cmake_args': None, 'build_base': '/home/orin/f1tenth_ws/lab2-AutomaticEmergencyBreaking/build/safety_node', 'catkin_cmake_args': None, 'catkin_skip_building_tests': False, 'cmake_args': None, 'cmake_clean_cache': False, 'cmake_clean_first': False, 'cmake_force_configure': False, 'cmake_target': None, 'cmake_target_skip_unavailable': False, 'install_base': '/home/orin/f1tenth_ws/lab2-AutomaticEmergencyBreaking/install/safety_node', 'merge_install': False, 'path': '/home/orin/f1tenth_ws/lab2-AutomaticEmergencyBreaking/f1tenth_lab2_template/safety_node', 'symlink_install': False, 'test_result_base': None}
[1.028s] INFO:colcon.colcon_core.executor:Executing jobs using 'parallel' executor
[1.030s] DEBUG:colcon.colcon_parallel_executor.executor.parallel:run_until_complete
[1.031s] INFO:colcon.colcon_ros.task.ament_cmake.build:Building ROS package in '/home/orin/f1tenth_ws/lab2-AutomaticEmergencyBreaking/f1tenth_lab2_template/safety_node' with build type 'ament_cmake'
[1.031s] INFO:colcon.colcon_cmake.task.cmake.build:Building CMake package in '/home/orin/f1tenth_ws/lab2-AutomaticEmergencyBreaking/f1tenth_lab2_template/safety_node'
[1.035s] INFO:colcon.colcon_core.plugin_system:Skipping extension 'colcon_core.shell.bat': Not used on non-Windows systems
[1.036s] INFO:colcon.colcon_core.shell:Skip shell extension 'powershell' for command environment: Not usable outside of PowerShell
[1.036s] DEBUG:colcon.colcon_core.shell:Skip shell extension 'dsv' for command environment
[1.057s] DEBUG:colcon.colcon_core.event_handler.log_command:Invoking command in '/home/orin/f1tenth_ws/lab2-AutomaticEmergencyBreaking/build/safety_node': CMAKE_PREFIX_PATH=${CMAKE_PREFIX_PATH}:/home/orin/f1tenth_ws/install/f1tenth_stack:/home/orin/f1tenth_ws/install/vesc_msgs:/home/orin/f1tenth_ws/install/joy_teleop:/home/orin/f1tenth_ws/install/teleop_tools_msgs:/home/orin/f1tenth_ws/install/mouse_teleop:/home/orin/f1tenth_ws/install/key_teleop:/opt/ros/foxy /usr/bin/cmake /home/orin/f1tenth_ws/lab2-AutomaticEmergencyBreaking/f1tenth_lab2_template/safety_node -DCMAKE_INSTALL_PREFIX=/home/orin/f1tenth_ws/lab2-AutomaticEmergencyBreaking/install/safety_node
[3.173s] DEBUG:colcon.colcon_core.event_handler.log_command:Invoked command in '/home/orin/f1tenth_ws/lab2-AutomaticEmergencyBreaking/build/safety_node' returned '0': CMAKE_PREFIX_PATH=${CMAKE_PREFIX_PATH}:/home/orin/f1tenth_ws/install/f1tenth_stack:/home/orin/f1tenth_ws/install/vesc_msgs:/home/orin/f1tenth_ws/install/joy_teleop:/home/orin/f1tenth_ws/install/teleop_tools_msgs:/home/orin/f1tenth_ws/install/mouse_teleop:/home/orin/f1tenth_ws/install/key_teleop:/opt/ros/foxy /usr/bin/cmake /home/orin/f1tenth_ws/lab2-AutomaticEmergencyBreaking/f1tenth_lab2_template/safety_node -DCMAKE_INSTALL_PREFIX=/home/orin/f1tenth_ws/lab2-AutomaticEmergencyBreaking/install/safety_node
[3.182s] DEBUG:colcon.colcon_core.event_handler.log_command:Invoking command in '/home/orin/f1tenth_ws/lab2-AutomaticEmergencyBreaking/build/safety_node': CMAKE_PREFIX_PATH=${CMAKE_PREFIX_PATH}:/home/orin/f1tenth_ws/install/f1tenth_stack:/home/orin/f1tenth_ws/install/vesc_msgs:/home/orin/f1tenth_ws/install/joy_teleop:/home/orin/f1tenth_ws/install/teleop_tools_msgs:/home/orin/f1tenth_ws/install/mouse_teleop:/home/orin/f1tenth_ws/install/key_teleop:/opt/ros/foxy /usr/bin/cmake --build /home/orin/f1tenth_ws/lab2-AutomaticEmergencyBreaking/build/safety_node -- -j6 -l6
[20.113s] DEBUG:colcon.colcon_core.event_handler.log_command:Invoked command in '/home/orin/f1tenth_ws/lab2-AutomaticEmergencyBreaking/build/safety_node' returned '0': CMAKE_PREFIX_PATH=${CMAKE_PREFIX_PATH}:/home/orin/f1tenth_ws/install/f1tenth_stack:/home/orin/f1tenth_ws/install/vesc_msgs:/home/orin/f1tenth_ws/install/joy_teleop:/home/orin/f1tenth_ws/install/teleop_tools_msgs:/home/orin/f1tenth_ws/install/mouse_teleop:/home/orin/f1tenth_ws/install/key_teleop:/opt/ros/foxy /usr/bin/cmake --build /home/orin/f1tenth_ws/lab2-AutomaticEmergencyBreaking/build/safety_node -- -j6 -l6
[20.146s] DEBUG:colcon.colcon_core.event_handler.log_command:Invoking command in '/home/orin/f1tenth_ws/lab2-AutomaticEmergencyBreaking/build/safety_node': CMAKE_PREFIX_PATH=${CMAKE_PREFIX_PATH}:/home/orin/f1tenth_ws/install/f1tenth_stack:/home/orin/f1tenth_ws/install/vesc_msgs:/home/orin/f1tenth_ws/install/joy_teleop:/home/orin/f1tenth_ws/install/teleop_tools_msgs:/home/orin/f1tenth_ws/install/mouse_teleop:/home/orin/f1tenth_ws/install/key_teleop:/opt/ros/foxy /usr/bin/cmake --install /home/orin/f1tenth_ws/lab2-AutomaticEmergencyBreaking/build/safety_node
[20.260s] Level 1:colcon.colcon_core.environment:create_environment_scripts_only(safety_node)
[20.262s] DEBUG:colcon.colcon_core.event_handler.log_command:Invoked command in '/home/orin/f1tenth_ws/lab2-AutomaticEmergencyBreaking/build/safety_node' returned '0': CMAKE_PREFIX_PATH=${CMAKE_PREFIX_PATH}:/home/orin/f1tenth_ws/install/f1tenth_stack:/home/orin/f1tenth_ws/install/vesc_msgs:/home/orin/f1tenth_ws/install/joy_teleop:/home/orin/f1tenth_ws/install/teleop_tools_msgs:/home/orin/f1tenth_ws/install/mouse_teleop:/home/orin/f1tenth_ws/install/key_teleop:/opt/ros/foxy /usr/bin/cmake --install /home/orin/f1tenth_ws/lab2-AutomaticEmergencyBreaking/build/safety_node
[20.272s] Level 1:colcon.colcon_core.environment:checking '/home/orin/f1tenth_ws/lab2-AutomaticEmergencyBreaking/install/safety_node' for CMake module files
[20.274s] Level 1:colcon.colcon_core.environment:checking '/home/orin/f1tenth_ws/lab2-AutomaticEmergencyBreaking/install/safety_node' for CMake config files
[20.275s] Level 1:colcon.colcon_core.shell:create_environment_hook('safety_node', 'cmake_prefix_path')
[20.276s] INFO:colcon.colcon_core.shell:Creating environment hook '/home/orin/f1tenth_ws/lab2-AutomaticEmergencyBreaking/install/safety_node/share/safety_node/hook/cmake_prefix_path.ps1'
[20.279s] INFO:colcon.colcon_core.shell:Creating environment descriptor '/home/orin/f1tenth_ws/lab2-AutomaticEmergencyBreaking/install/safety_node/share/safety_node/hook/cmake_prefix_path.dsv'
[20.281s] INFO:colcon.colcon_core.shell:Creating environment hook '/home/orin/f1tenth_ws/lab2-AutomaticEmergencyBreaking/install/safety_node/share/safety_node/hook/cmake_prefix_path.sh'
[20.285s] Level 1:colcon.colcon_core.environment:checking '/home/orin/f1tenth_ws/lab2-AutomaticEmergencyBreaking/install/safety_node/lib'
[20.285s] Level 1:colcon.colcon_core.environment:checking '/home/orin/f1tenth_ws/lab2-AutomaticEmergencyBreaking/install/safety_node/bin'
[20.286s] Level 1:colcon.colcon_core.environment:checking '/home/orin/f1tenth_ws/lab2-AutomaticEmergencyBreaking/install/safety_node/lib/pkgconfig/safety_node.pc'
[20.287s] Level 1:colcon.colcon_core.environment:checking '/home/orin/f1tenth_ws/lab2-AutomaticEmergencyBreaking/install/safety_node/lib/python3.8/site-packages'
[20.287s] Level 1:colcon.colcon_core.shell:create_environment_hook('safety_node', 'pythonpath')
[20.288s] INFO:colcon.colcon_core.shell:Creating environment hook '/home/orin/f1tenth_ws/lab2-AutomaticEmergencyBreaking/install/safety_node/share/safety_node/hook/pythonpath.ps1'
[20.289s] INFO:colcon.colcon_core.shell:Creating environment descriptor '/home/orin/f1tenth_ws/lab2-AutomaticEmergencyBreaking/install/safety_node/share/safety_node/hook/pythonpath.dsv'
[20.291s] INFO:colcon.colcon_core.shell:Creating environment hook '/home/orin/f1tenth_ws/lab2-AutomaticEmergencyBreaking/install/safety_node/share/safety_node/hook/pythonpath.sh'
[20.292s] Level 1:colcon.colcon_core.environment:checking '/home/orin/f1tenth_ws/lab2-AutomaticEmergencyBreaking/install/safety_node/bin'
[20.293s] INFO:colcon.colcon_core.shell:Creating package script '/home/orin/f1tenth_ws/lab2-AutomaticEmergencyBreaking/install/safety_node/share/safety_node/package.ps1'
[20.296s] INFO:colcon.colcon_core.shell:Creating package descriptor '/home/orin/f1tenth_ws/lab2-AutomaticEmergencyBreaking/install/safety_node/share/safety_node/package.dsv'
[20.297s] INFO:colcon.colcon_core.shell:Creating package script '/home/orin/f1tenth_ws/lab2-AutomaticEmergencyBreaking/install/safety_node/share/safety_node/package.sh'
[20.299s] INFO:colcon.colcon_core.shell:Creating package script '/home/orin/f1tenth_ws/lab2-AutomaticEmergencyBreaking/install/safety_node/share/safety_node/package.bash'
[20.302s] INFO:colcon.colcon_core.shell:Creating package script '/home/orin/f1tenth_ws/lab2-AutomaticEmergencyBreaking/install/safety_node/share/safety_node/package.zsh'
[20.303s] Level 1:colcon.colcon_core.environment:create_file_with_runtime_dependencies(/home/orin/f1tenth_ws/lab2-AutomaticEmergencyBreaking/install/safety_node/share/colcon-core/packages/safety_node)
[20.305s] Level 1:colcon.colcon_core.environment:create_environment_scripts_only(safety_node)
[20.306s] Level 1:colcon.colcon_core.environment:checking '/home/orin/f1tenth_ws/lab2-AutomaticEmergencyBreaking/install/safety_node' for CMake module files
[20.307s] Level 1:colcon.colcon_core.environment:checking '/home/orin/f1tenth_ws/lab2-AutomaticEmergencyBreaking/install/safety_node' for CMake config files
[20.307s] Level 1:colcon.colcon_core.shell:create_environment_hook('safety_node', 'cmake_prefix_path')
[20.308s] INFO:colcon.colcon_core.shell:Creating environment hook '/home/orin/f1tenth_ws/lab2-AutomaticEmergencyBreaking/install/safety_node/share/safety_node/hook/cmake_prefix_path.ps1'
[20.309s] INFO:colcon.colcon_core.shell:Creating environment descriptor '/home/orin/f1tenth_ws/lab2-AutomaticEmergencyBreaking/install/safety_node/share/safety_node/hook/cmake_prefix_path.dsv'
[20.310s] INFO:colcon.colcon_core.shell:Creating environment hook '/home/orin/f1tenth_ws/lab2-AutomaticEmergencyBreaking/install/safety_node/share/safety_node/hook/cmake_prefix_path.sh'
[20.311s] Level 1:colcon.colcon_core.environment:checking '/home/orin/f1tenth_ws/lab2-AutomaticEmergencyBreaking/install/safety_node/lib'
[20.312s] Level 1:colcon.colcon_core.environment:checking '/home/orin/f1tenth_ws/lab2-AutomaticEmergencyBreaking/install/safety_node/bin'
[20.312s] Level 1:colcon.colcon_core.environment:checking '/home/orin/f1tenth_ws/lab2-AutomaticEmergencyBreaking/install/safety_node/lib/pkgconfig/safety_node.pc'
[20.312s] Level 1:colcon.colcon_core.environment:checking '/home/orin/f1tenth_ws/lab2-AutomaticEmergencyBreaking/install/safety_node/lib/python3.8/site-packages'
[20.312s] Level 1:colcon.colcon_core.shell:create_environment_hook('safety_node', 'pythonpath')
[20.313s] INFO:colcon.colcon_core.shell:Creating environment hook '/home/orin/f1tenth_ws/lab2-AutomaticEmergencyBreaking/install/safety_node/share/safety_node/hook/pythonpath.ps1'
[20.314s] INFO:colcon.colcon_core.shell:Creating environment descriptor '/home/orin/f1tenth_ws/lab2-AutomaticEmergencyBreaking/install/safety_node/share/safety_node/hook/pythonpath.dsv'
[20.314s] INFO:colcon.colcon_core.shell:Creating environment hook '/home/orin/f1tenth_ws/lab2-AutomaticEmergencyBreaking/install/safety_node/share/safety_node/hook/pythonpath.sh'
[20.315s] Level 1:colcon.colcon_core.environment:checking '/home/orin/f1tenth_ws/lab2-AutomaticEmergencyBreaking/install/safety_node/bin'
[20.316s] INFO:colcon.colcon_core.shell:Creating package script '/home/orin/f1tenth_ws/lab2-AutomaticEmergencyBreaking/install/safety_node/share/safety_node/package.ps1'
[20.317s] INFO:colcon.colcon_core.shell:Creating package descriptor '/home/orin/f1tenth_ws/lab2-AutomaticEmergencyBreaking/install/safety_node/share/safety_node/package.dsv'
[20.318s] INFO:colcon.colcon_core.shell:Creating package script '/home/orin/f1tenth_ws/lab2-AutomaticEmergencyBreaking/install/safety_node/share/safety_node/package.sh'
[20.319s] INFO:colcon.colcon_core.shell:Creating package script '/home/orin/f1tenth_ws/lab2-AutomaticEmergencyBreaking/install/safety_node/share/safety_node/package.bash'
[20.320s] INFO:colcon.colcon_core.shell:Creating package script '/home/orin/f1tenth_ws/lab2-AutomaticEmergencyBreaking/install/safety_node/share/safety_node/package.zsh'
[20.321s] Level 1:colcon.colcon_core.environment:create_file_with_runtime_dependencies(/home/orin/f1tenth_ws/lab2-AutomaticEmergencyBreaking/install/safety_node/share/colcon-core/packages/safety_node)
[20.321s] DEBUG:colcon.colcon_parallel_executor.executor.parallel:closing loop
[20.322s] DEBUG:colcon.colcon_parallel_executor.executor.parallel:loop closed
[20.322s] DEBUG:colcon.colcon_parallel_executor.executor.parallel:run_until_complete finished with '0'
[20.323s] DEBUG:colcon.colcon_core.event_reactor:joining thread
[20.336s] INFO:colcon.colcon_core.plugin_system:Skipping extension 'colcon_notification.desktop_notification.terminal_notifier': Not used on non-Darwin systems
[20.336s] INFO:colcon.colcon_core.plugin_system:Skipping extension 'colcon_notification.desktop_notification.win32': Not used on non-Windows systems
[20.337s] INFO:colcon.colcon_notification.desktop_notification:Sending desktop notification using 'notify2'
[20.359s] DEBUG:colcon.colcon_notification.desktop_notification.notify2:Failed to initialize notify2: org.freedesktop.DBus.Error.Spawn.ChildExited: Process org.freedesktop.Notifications exited with status 1
[20.360s] DEBUG:colcon.colcon_core.event_reactor:joined thread
[20.360s] INFO:colcon.colcon_core.shell:Creating prefix script '/home/orin/f1tenth_ws/lab2-AutomaticEmergencyBreaking/install/local_setup.ps1'
[20.363s] INFO:colcon.colcon_core.shell:Creating prefix util module '/home/orin/f1tenth_ws/lab2-AutomaticEmergencyBreaking/install/_local_setup_util_ps1.py'
[20.365s] INFO:colcon.colcon_core.shell:Creating prefix chain script '/home/orin/f1tenth_ws/lab2-AutomaticEmergencyBreaking/install/setup.ps1'
[20.369s] INFO:colcon.colcon_core.shell:Creating prefix script '/home/orin/f1tenth_ws/lab2-AutomaticEmergencyBreaking/install/local_setup.sh'
[20.370s] INFO:colcon.colcon_core.shell:Creating prefix util module '/home/orin/f1tenth_ws/lab2-AutomaticEmergencyBreaking/install/_local_setup_util_sh.py'
[20.372s] INFO:colcon.colcon_core.shell:Creating prefix chain script '/home/orin/f1tenth_ws/lab2-AutomaticEmergencyBreaking/install/setup.sh'
[20.375s] INFO:colcon.colcon_core.shell:Creating prefix script '/home/orin/f1tenth_ws/lab2-AutomaticEmergencyBreaking/install/local_setup.bash'
[20.375s] INFO:colcon.colcon_core.shell:Creating prefix chain script '/home/orin/f1tenth_ws/lab2-AutomaticEmergencyBreaking/install/setup.bash'
[20.378s] INFO:colcon.colcon_core.shell:Creating prefix script '/home/orin/f1tenth_ws/lab2-AutomaticEmergencyBreaking/install/local_setup.zsh'
[20.379s] INFO:colcon.colcon_core.shell:Creating prefix chain script '/home/orin/f1tenth_ws/lab2-AutomaticEmergencyBreaking/install/setup.zsh'
